    user warning: Incorrect table definition; there can be only one auto column and it must be defined as a key query: CREATE TABLE guifi_types ( `id` SMALLINT NOT NULL auto_increment, `type` VARCHAR(15) NOT NULL, `text` VARCHAR(24) NOT NULL, `description` LONGTEXT NOT NULL, `relations` LONGTEXT DEFAULT NULL, PRIMARY KEY (type, id), INDEX text (text) ) /*!40100 DEFAULT CHARACTER SET utf8 */ in /home/httpd/html/drupal-guifi/includes/database.inc on line 550.
    user warning: Table 'drupal-guifi.guifi_types' doesn't exist query: INSERT INTO guifi_types (id, type, text, description, relations) VALUES ('1', 'interface', 'Lan', 'Device base address (Lan)', '0'); in /home/httpd/html/drupal-guifi/modules/drupal-guifi/guifi.install on line 364.
    user warning: Table 'drupal-guifi.guifi_types' doesn't exist query: INSERT INTO guifi_types (id, type, text, description, relations) VALUES ('2', 'interface', 'wLan/Lan', 'Device lan & wlan (bridged)', '2'); in /home/httpd/html/drupal-guifi/modules/drupal-guifi/guifi.install on line 365.
    user warning: Table 'drupal-guifi.guifi_types' doesn't exist query: INSERT INTO guifi_types (id, type, text, description, relations) VALUES ('3', 'interface', 'wLan', 'wireless lan', '2'); in /home/httpd/html/drupal-guifi/modules/drupal-guifi/guifi.install on line 366.
    user warning: Table 'drupal-guifi.guifi_types' doesn't exist query: INSERT INTO guifi_types (id, type, text, description, relations) VALUES ('4', 'interface', 'Wan', 'Wan', '1'); in /home/httpd/html/drupal-guifi/modules/drupal-guifi/guifi.install on line 367.
    user warning: Table 'drupal-guifi.guifi_types' doesn't exist query: INSERT INTO guifi_types (id, type, text, description, relations) VALUES ('5', 'interface', 'wds/p2p', 'P2P Wds', '2'); in /home/httpd/html/drupal-guifi/modules/drupal-guifi/guifi.install on line 368.
    user warning: Table 'drupal-guifi.guifi_types' doesn't exist query: INSERT INTO guifi_types (id, type, text, description, relations) VALUES ('6', 'interface', 'vlan', 'Virtual network over Lan', '0'); in /home/httpd/html/drupal-guifi/modules/drupal-guifi/guifi.install on line 369.
    user warning: Table 'drupal-guifi.guifi_types' doesn't exist query: INSERT INTO guifi_types (id, type, text, description, relations) VALUES ('7', 'interface', 'vwan', 'Virtual network over Wan', '1'); in /home/httpd/html/drupal-guifi/modules/drupal-guifi/guifi.install on line 370.
    user warning: Table 'drupal-guifi.guifi_types' doesn't exist query: INSERT INTO guifi_types (id, type, text, description, relations) VALUES ('8', 'interface', 'vwlan', 'Virtual network over wLan', '2'); in /home/httpd/html/drupal-guifi/modules/drupal-guifi/guifi.install on line 371.
    user warning: Table 'drupal-guifi.guifi_types' doesn't exist query: INSERT INTO guifi_types (id, type, text, description, relations) VALUES ('9', 'interface', 'vlan2', 'vlan #2 (plugged into port #2)', '4'); in /home/httpd/html/drupal-guifi/modules/drupal-guifi/guifi.install on line 372.
    user warning: Table 'drupal-guifi.guifi_types' doesn't exist query: INSERT INTO guifi_types (id, type, text, description, relations) VALUES ('10', 'interface', 'vlan3', 'vlan #3 (plugged into port #3)', '5'); in /home/httpd/html/drupal-guifi/modules/drupal-guifi/guifi.install on line 373.
    user warning: Table 'drupal-guifi.guifi_types' doesn't exist query: INSERT INTO guifi_types (id, type, text, description, relations) VALUES ('11', 'interface', 'vlan4', 'vlan #4 (plugged into port #4)', '6'); in /home/httpd/html/drupal-guifi/modules/drupal-guifi/guifi.install on line 374.
    user warning: Table 'drupal-guifi.guifi_types' doesn't exist query: INSERT INTO guifi_types (id, type, text, description, relations) VALUES ('1', 'mode', 'ap', 'AP or AP with WDS', 'ap|client'); in /home/httpd/html/drupal-guifi/modules/drupal-guifi/guifi.install on line 380.
    user warning: Table 'drupal-guifi.guifi_types' doesn't exist query: INSERT INTO guifi_types (id, type, text, description, relations) VALUES ('2', 'mode', 'client', 'Wireless client', 'ap'); in /home/httpd/html/drupal-guifi/modules/drupal-guifi/guifi.install on line 381.
    user warning: Table 'drupal-guifi.guifi_types' doesn't exist query: INSERT INTO guifi_types (id, type, text, description, relations) VALUES ('1', 'link', 'cable', 'Cable', 'vlan|vwan|vwlan|vlan1|vlan2|vlan3|vlan4|Lan|wLan/Lan|Wan'); in /home/httpd/html/drupal-guifi/modules/drupal-guifi/guifi.install on line 391.
    user warning: Table 'drupal-guifi.guifi_types' doesn't exist query: INSERT INTO guifi_types (id, type, text, description, relations) VALUES ('2', 'link', 'tunnel', 'Tunnel', 'tunnel'); in /home/httpd/html/drupal-guifi/modules/drupal-guifi/guifi.install on line 392.
    user warning: Table 'drupal-guifi.guifi_types' doesn't exist query: INSERT INTO guifi_types (id, type, text, description, relations) VALUES ('3', 'link', 'bridge', 'Wireless Bridge', 'wLan/Lan|Lan'); in /home/httpd/html/drupal-guifi/modules/drupal-guifi/guifi.install on line 393.
    user warning: Table 'drupal-guifi.guifi_types' doesn't exist query: INSERT INTO guifi_types (id, type, text, description, relations) VALUES ('4', 'link', 'wds', 'Wireless WDS', 'wds/p2p'); in /home/httpd/html/drupal-guifi/modules/drupal-guifi/guifi.install on line 394.
    user warning: Table 'drupal-guifi.guifi_types' doesn't exist query: INSERT INTO guifi_types (id, type, text, description, relations) VALUES ('5', 'link', 'ap/client', 'Wireless AP/Client', 'Wan/wLan|wLan/Lan'); in /home/httpd/html/drupal-guifi/modules/drupal-guifi/guifi.install on line 395.
    user warning: Table 'drupal-guifi.guifi_types' doesn't exist query: INSERT INTO guifi_types (id, type, text, description) VALUES ('1', 'device', 'radio', 'Wireless device, like a router, bridge, AP...'); in /home/httpd/html/drupal-guifi/modules/drupal-guifi/guifi.install on line 400.
    user warning: Table 'drupal-guifi.guifi_types' doesn't exist query: INSERT INTO guifi_types (id, type, text, description) VALUES ('2', 'device', 'phone', 'Voip handset, telephone'); in /home/httpd/html/drupal-guifi/modules/drupal-guifi/guifi.install on line 401.
    user warning: Table 'drupal-guifi.guifi_types' doesn't exist query: INSERT INTO guifi_types (id, type, text, description) VALUES ('4', 'device', 'server', 'Server computer'); in /home/httpd/html/drupal-guifi/modules/drupal-guifi/guifi.install on line 403.
    user warning: Table 'drupal-guifi.guifi_types' doesn't exist query: INSERT INTO guifi_types (id, type, text, description) VALUES ('5', 'device', 'nat', 'Firewall, private Network behind a NAT'); in /home/httpd/html/drupal-guifi/modules/drupal-guifi/guifi.install on line 404.
    user warning: Table 'drupal-guifi.guifi_types' doesn't exist query: INSERT INTO guifi_types (id, type, text, description) VALUES ('6', 'device', 'ADSL', 'ADSL router or device providing internet access'); in /home/httpd/html/drupal-guifi/modules/drupal-guifi/guifi.install on line 405.
    user warning: Table 'drupal-guifi.guifi_types' doesn't exist query: INSERT INTO guifi_types (id, type, text, description) VALUES ('7', 'device', 'cam', 'Network camera. Live view.'); in /home/httpd/html/drupal-guifi/modules/drupal-guifi/guifi.install on line 406.
    user warning: Table 'drupal-guifi.guifi_types' doesn't exist query: INSERT INTO guifi_types (id, type, text, description) VALUES ('8', 'device', 'generic', 'Any device that uses a public IP (PC, game console, laptop, pda..)'); in /home/httpd/html/drupal-guifi/modules/drupal-guifi/guifi.install on line 407.
    user warning: Table 'drupal-guifi.guifi_types' doesn't exist query: INSERT INTO guifi_types (id, type, text, description) VALUES ('1', 'service', 'AP', 'Wireless connectivity for end users'); in /home/httpd/html/drupal-guifi/modules/drupal-guifi/guifi.install on line 412.
    user warning: Table 'drupal-guifi.guifi_types' doesn't exist query: INSERT INTO guifi_types (id, type, text, description) VALUES ('2', 'service', 'ADSL', 'Open ADSL-type internet access'); in /home/httpd/html/drupal-guifi/modules/drupal-guifi/guifi.install on line 413.
    user warning: Table 'drupal-guifi.guifi_types' doesn't exist query: INSERT INTO guifi_types (id, type, text, description) VALUES ('3', 'service', 'Proxy', 'Internet access trough a proxy'); in /home/httpd/html/drupal-guifi/modules/drupal-guifi/guifi.install on line 414.
    user warning: Table 'drupal-guifi.guifi_types' doesn't exist query: INSERT INTO guifi_types (id, type, text, description) VALUES ('4', 'service', 'DNS', 'Domain Name Server service'); in /home/httpd/html/drupal-guifi/modules/drupal-guifi/guifi.install on line 415.
    user warning: Table 'drupal-guifi.guifi_types' doesn't exist query: INSERT INTO guifi_types (id, type, text, description) VALUES ('5', 'service', 'NTP', 'Network Time Protocol service'); in /home/httpd/html/drupal-guifi/modules/drupal-guifi/guifi.install on line 416.
    user warning: Table 'drupal-guifi.guifi_types' doesn't exist query: INSERT INTO guifi_types (id, type, text, description) VALUES ('6', 'service', 'mail', 'Mail server'); in /home/httpd/html/drupal-guifi/modules/drupal-guifi/guifi.install on line 417.
    user warning: Table 'drupal-guifi.guifi_types' doesn't exist query: INSERT INTO guifi_types (id, type, text, description) VALUES ('7', 'service', 'web', 'Web server'); in /home/httpd/html/drupal-guifi/modules/drupal-guifi/guifi.install on line 418.
    user warning: Table 'drupal-guifi.guifi_types' doesn't exist query: INSERT INTO guifi_types (id, type, text, description) VALUES ('8', 'service', 'ftp', 'FTP or shared disk server'); in /home/httpd/html/drupal-guifi/modules/drupal-guifi/guifi.install on line 419.
    user warning: Table 'drupal-guifi.guifi_types' doesn't exist query: INSERT INTO guifi_types (id, type, text, description) VALUES ('9', 'service', 'p2p', 'Peer 2 Peer server'); in /home/httpd/html/drupal-guifi/modules/drupal-guifi/guifi.install on line 420.
    user warning: Table 'drupal-guifi.guifi_types' doesn't exist query: INSERT INTO guifi_types (id, type, text, description) VALUES ('10', 'service', 'asterisk', 'Asterisk VoIP PBX server'); in /home/httpd/html/drupal-guifi/modules/drupal-guifi/guifi.install on line 421.
    user warning: Table 'drupal-guifi.guifi_types' doesn't exist query: INSERT INTO guifi_types (id, type, text, description) VALUES ('11', 'service', 'radio', 'Radio broadcast'); in /home/httpd/html/drupal-guifi/modules/drupal-guifi/guifi.install on line 422.
    user warning: Table 'drupal-guifi.guifi_types' doesn't exist query: INSERT INTO guifi_types (id, type, text, description) VALUES ('12', 'service', 'tv', 'TV broadcast'); in /home/httpd/html/drupal-guifi/modules/drupal-guifi/guifi.install on line 423.
    user warning: Table 'drupal-guifi.guifi_types' doesn't exist query: INSERT INTO guifi_types (id, type, text, description) VALUES ('13', 'service', 'irc', 'IRC (chat) server'); in /home/httpd/html/drupal-guifi/modules/drupal-guifi/guifi.install on line 424.
    user warning: Table 'drupal-guifi.guifi_types' doesn't exist query: INSERT INTO guifi_types (id, type, text, description) VALUES ('14', 'service', 'IM', 'Instant Messaging, jabber server'); in /home/httpd/html/drupal-guifi/modules/drupal-guifi/guifi.install on line 425.
    user warning: Table 'drupal-guifi.guifi_types' doesn't exist query: INSERT INTO guifi_types (id, type, text, description) VALUES ('15', 'service', 'cam', 'Network camera with live view.'); in /home/httpd/html/drupal-guifi/modules/drupal-guifi/guifi.install on line 426.
    user warning: Table 'drupal-guifi.guifi_types' doesn't exist query: INSERT INTO guifi_types (id, type, text, description) VALUES ('16', 'service', 'svn', 'Subversion/CVS repository.'); in /home/httpd/html/drupal-guifi/modules/drupal-guifi/guifi.install on line 427.
    user warning: Table 'drupal-guifi.guifi_types' doesn't exist query: INSERT INTO guifi_types (id, type, text, description) VALUES ('17', 'service', 'meteo', 'Weather station.'); in /home/httpd/html/drupal-guifi/modules/drupal-guifi/guifi.install on line 428.
    user warning: Table 'drupal-guifi.guifi_types' doesn't exist query: INSERT INTO guifi_types (id, type, text, description) VALUES ('18', 'service', 'apt-cache', 'Linux distribution cache.'); in /home/httpd/html/drupal-guifi/modules/drupal-guifi/guifi.install on line 429.
    user warning: Table 'drupal-guifi.guifi_types' doesn't exist query: INSERT INTO guifi_types (id, type, text, description) VALUES ('19', 'service', 'wol', 'Wake-on-lan'); in /home/httpd/html/drupal-guifi/modules/drupal-guifi/guifi.install on line 430.
    user warning: Table 'drupal-guifi.guifi_types' doesn't exist query: INSERT INTO guifi_types (id, type, text, description) VALUES ('20', 'service', 'iperf', 'iperf bandwidth test'); in /home/httpd/html/drupal-guifi/modules/drupal-guifi/guifi.install on line 431.
    user warning: Table 'drupal-guifi.guifi_types' doesn't exist query: INSERT INTO guifi_types (id, type, text, description) VALUES ('21', 'service', 'teamspeak', 'TeamSpeak Server - Voice conference'); in /home/httpd/html/drupal-guifi/modules/drupal-guifi/guifi.install on line 432.
    user warning: Table 'drupal-guifi.guifi_types' doesn't exist query: INSERT INTO guifi_types (id, type, text, description) VALUES ('22', 'service', 'games', 'Generic games server'); in /home/httpd/html/drupal-guifi/modules/drupal-guifi/guifi.install on line 433.
    user warning: Table 'drupal-guifi.guifi_types' doesn't exist query: INSERT INTO guifi_types (id, type, text, description) VALUES ('23', 'service', 'SNPgraphs', 'SNP graph server'); in /home/httpd/html/drupal-guifi/modules/drupal-guifi/guifi.install on line 434.
    user warning: Table 'drupal-guifi.guifi_types' doesn't exist query: INSERT INTO guifi_types (id, type, text, description) VALUES ('24', 'service', 'Streaming', 'Videoconferènia i/o Streaming'); in /home/httpd/html/drupal-guifi/modules/drupal-guifi/guifi.install on line 435.
    user warning: Table 'drupal-guifi.guifi_types' doesn't exist query: INSERT INTO guifi_types (id, type, text, description) VALUES ('25', 'service', 'VPN', 'Virtual Private Network'); in /home/httpd/html/drupal-guifi/modules/drupal-guifi/guifi.install on line 436.
    user warning: Table 'drupal-guifi.guifi_types' doesn't exist query: INSERT INTO guifi_types (id, type, text, description) VALUES ('26', 'service', 'LDAP', 'LDAP Server'); in /home/httpd/html/drupal-guifi/modules/drupal-guifi/guifi.install on line 437.
    user warning: Table 'drupal-guifi.guifi_types' doesn't exist query: INSERT INTO guifi_types (id, type, text, description) VALUES ('27', 'service', 'LogServer', 'Ip log Server'); in /home/httpd/html/drupal-guifi/modules/drupal-guifi/guifi.install on line 438.
    user warning: Table 'drupal-guifi.guifi_types' doesn't exist query: INSERT INTO guifi_types (id, type, text, description) VALUES ('1', 'status', 'Planned', 'Planned'); in /home/httpd/html/drupal-guifi/modules/drupal-guifi/guifi.install on line 444.
    user warning: Table 'drupal-guifi.guifi_types' doesn't exist query: INSERT INTO guifi_types (id, type, text, description) VALUES ('2', 'status', 'Reserved', 'Reserved'); in /home/httpd/html/drupal-guifi/modules/drupal-guifi/guifi.install on line 445.
    user warning: Table 'drupal-guifi.guifi_types' doesn't exist query: INSERT INTO guifi_types (id, type, text, description) VALUES ('3', 'status', 'Building', 'Building'); in /home/httpd/html/drupal-guifi/modules/drupal-guifi/guifi.install on line 446.
    user warning: Table 'drupal-guifi.guifi_types' doesn't exist query: INSERT INTO guifi_types (id, type, text, description) VALUES ('4', 'status', 'Testing', 'Testing'); in /home/httpd/html/drupal-guifi/modules/drupal-guifi/guifi.install on line 447.
    user warning: Table 'drupal-guifi.guifi_types' doesn't exist query: INSERT INTO guifi_types (id, type, text, description) VALUES ('5', 'status', 'Working', 'Online'); in /home/httpd/html/drupal-guifi/modules/drupal-guifi/guifi.install on line 448.
    user warning: Table 'drupal-guifi.guifi_types' doesn't exist query: INSERT INTO guifi_types (id, type, text, description) VALUES ('6', 'status', 'Dropped', 'Dropped'); in /home/httpd/html/drupal-guifi/modules/drupal-guifi/guifi.install on line 449.
    user warning: Table 'drupal-guifi.guifi_types' doesn't exist query: DELETE FROM `guifi_types` WHERE `type` = 'protocol' in /home/httpd/html/drupal-guifi/modules/drupal-guifi/guifi.install on line 454.
    user warning: Table 'drupal-guifi.guifi_types' doesn't exist query: INSERT INTO guifi_types (id, type, text, description) VALUES ('1', 'protocol', '802.11a', '802.11a (1-54Mbps - 5Ghz)'); in /home/httpd/html/drupal-guifi/modules/drupal-guifi/guifi.install on line 455.
    user warning: Table 'drupal-guifi.guifi_types' doesn't exist query: INSERT INTO guifi_types (id, type, text, description) VALUES ('2', 'protocol', '802.11b', '802.11b (1-11Mbps - 2.4Ghz)'); in /home/httpd/html/drupal-guifi/modules/drupal-guifi/guifi.install on line 456.
    user warning: Table 'drupal-guifi.guifi_types' doesn't exist query: INSERT INTO guifi_types (id, type, text, description) VALUES ('3', 'protocol', '802.11g', '802.11g (2-54Mbps - 2.4Ghz)'); in /home/httpd/html/drupal-guifi/modules/drupal-guifi/guifi.install on line 457.
    user warning: Table 'drupal-guifi.guifi_types' doesn't exist query: INSERT INTO guifi_types (id, type, text, description) VALUES ('4', 'protocol', '802.11n', '802.11n - MIMO (1-125Mbps - 2.4/5Ghz)'); in /home/httpd/html/drupal-guifi/modules/drupal-guifi/guifi.install on line 458.
    user warning: Table 'drupal-guifi.guifi_types' doesn't exist query: INSERT INTO guifi_types (id, type, text, description) VALUES ('5', 'protocol', 'WiMAX', '802.16a - WiMAX (1-125Mbps - 2-8Ghz)'); in /home/httpd/html/drupal-guifi/modules/drupal-guifi/guifi.install on line 459.
    user warning: Table 'drupal-guifi.guifi_types' doesn't exist query: INSERT INTO guifi_types (id, type, text, description) VALUES ('6', 'protocol', 'legacy', 'legacy/proprietary protocol'); in /home/httpd/html/drupal-guifi/modules/drupal-guifi/guifi.install on line 460.
    user warning: Table 'drupal-guifi.guifi_types' doesn't exist query: DELETE FROM `guifi_types` WHERE `type` = 'firmware' in /home/httpd/html/drupal-guifi/modules/drupal-guifi/guifi.install on line 465.
    user warning: Table 'drupal-guifi.guifi_types' doesn't exist query: INSERT INTO guifi_types (id, type, text, description, relations) VALUES ('1', 'firmware', 'n/a', 'not available', NULL); in /home/httpd/html/drupal-guifi/modules/drupal-guifi/guifi.install on line 466.
    user warning: Table 'drupal-guifi.guifi_types' doesn't exist query: INSERT INTO guifi_types (id, type, text, description, relations) VALUES ('2', 'firmware', 'Alchemy', 'Alchemy from sveasoft', 'WRT54Gv1-4|WRT54GSv1-2'); in /home/httpd/html/drupal-guifi/modules/drupal-guifi/guifi.install on line 467.
    user warning: Table 'drupal-guifi.guifi_types' doesn't exist query: INSERT INTO guifi_types (id, type, text, description, relations) VALUES ('3', 'firmware', 'Talisman', 'Talisman from sveasoft', 'WRT54Gv1-4|WRT54GL|WRT54GSv1-2|WRT54GSv4'); in /home/httpd/html/drupal-guifi/modules/drupal-guifi/guifi.install on line 468.
    user warning: Table 'drupal-guifi.guifi_types' doesn't exist query: INSERT INTO guifi_types (id, type, text, description, relations) VALUES ('4', 'firmware', 'DD-WRTv23', 'DD-WRTv23Beta2 from BrainSlayer', 'WRT54Gv1-4|WRT54GL|WRT54GSv1-2|WRT54GSv4|Asus WL-500xx|WHR-HP-G54, WHR-G54S|NanoStation2|NanoStation5|NanoStation Loco2|NanoStation Loco5|Bullet2|Bullet5|RouterStation|RouterStationPro|Avila GW2348-4'); in /home/httpd/html/drupal-guifi/modules/drupal-guifi/guifi.install on line 469.
    user warning: Table 'drupal-guifi.guifi_types' doesn't exist query: INSERT INTO guifi_types (id, type, text, description, relations) VALUES ('5', 'firmware', 'DD-guifi', 'DD-guifi from Miquel Martos', 'WRT54Gv1-4|WRT54GL|WRT54GSv1-2|WRT54GSv4|WHR-HP-G54, WHR-G54S'); in /home/httpd/html/drupal-guifi/modules/drupal-guifi/guifi.install on line 470.
    user warning: Table 'drupal-guifi.guifi_types' doesn't exist query: INSERT INTO guifi_types (id, type, text, description, relations) VALUES ('6', 'firmware', 'RouterOSv2.9', 'RouterOS 2.9 from Mikrotik', 'Routerboard 532|Routerboard 133C|Routerboard 133|Routerboard 112|Routerboard 153|Supertrasto guifiBUS guifi.net'); in /home/httpd/html/drupal-guifi/modules/drupal-guifi/guifi.install on line 471.
    user warning: Table 'drupal-guifi.guifi_types' doesn't exist query: INSERT INTO guifi_types (id, type, text, description, relations) VALUES ('7', 'firmware', 'whiterussian', 'OpenWRT-whiterussian', 'WRT54Gv1-4|WRT54GL|WRT54GSv1-2|WRT54GSv4|Wrap|Routerboard 532|Routerboard 133C|Routerboard 133|Routerboard 112|Routerboard 153'); in /home/httpd/html/drupal-guifi/modules/drupal-guifi/guifi.install on line 472.
    user warning: Table 'drupal-guifi.guifi_types' doesn't exist query: INSERT INTO guifi_types (id, type, text, description, relations) VALUES ('8', 'firmware', 'kamikaze', 'OpenWRT kamikaze', 'WRT54Gv1-4|WRT54GL|WRT54GSv1-2|WRT54GSv4|Meraki/Fonera|Wrap|Routerboard 532|Routerboard 133C|Routerboard 133|Routerboard 112|Routerboard 153|Supertrasto guifiBUS guifi.net|NanoStation2|NanoStation5|NanoStation Loco2|NanoStation Loco5|Bullet2|Bullet5|RouterStation|RouterStationPro|Avila GW2348-4|Asus WL-500xx|Alix1|Alix2|Alix3'); in /home/httpd/html/drupal-guifi/modules/drupal-guifi/guifi.install on line 474.
    user warning: Table 'drupal-guifi.guifi_types' doesn't exist query: INSERT INTO guifi_types (id, type, text, description, relations) VALUES ('9', 'firmware', 'Freifunk-BATMAN', 'OpenWRT-Freifunk-v1.6.16 with B.A.T.M.A.N', 'WRT54Gv1-4|WRT54GL|WRT54GSv1-2|WRT54GSv4|WHR-HP-G54, WHR-G54S'); in /home/httpd/html/drupal-guifi/modules/drupal-guifi/guifi.install on line 475.
    user warning: Table 'drupal-guifi.guifi_types' doesn't exist query: INSERT INTO guifi_types (id, type, text, description, relations) VALUES ('10', 'firmware', 'RouterOSv3.x', 'RouterOS 3.x from Mikrotik', 'Routerboard 532|Routerboard 133C|Routerboard 133|Routerboard 112|Routerboard 153|Supertrasto guifiBUS guifi.net|Routerboard 600|Routerboard 411|Routerboard 333|Routerboard 433'); in /home/httpd/html/drupal-guifi/modules/drupal-guifi/guifi.install on line 476.
    user warning: Table 'drupal-guifi.guifi_types' doesn't exist query: INSERT INTO guifi_types (id, type, text, description, relations) VALUES ('11', 'firmware', 'AirOsv221', 'Ubiquti AirOs 2.2.1', 'NanoStation2|NanoStation5|NanoStation Loco2|NanoStation Loco5|Bullet2|Bullet5') in /home/httpd/html/drupal-guifi/modules/drupal-guifi/guifi.install on line 477.
    user warning: Table 'drupal-guifi.guifi_types' doesn't exist query: INSERT INTO guifi_types (id, type, text, description, relations) VALUES ('12', 'firmware', 'Freifunk-OLSR', 'OpenWRT-Freifunk-v1.6.16 with OLSR', 'WRT54Gv1-4|WRT54GL|WRT54GSv1-2|WRT54GSv4|WHR-HP-G54, WHR-G54S'); in /home/httpd/html/drupal-guifi/modules/drupal-guifi/guifi.install on line 478.
    user warning: Table 'drupal-guifi.guifi_types' doesn't exist query: INSERT INTO guifi_types (id, type, text, description, relations) VALUES ('13', 'firmware', 'AirOsv30', 'Ubiquti AirOs 3.0', 'NanoStation2|NanoStation5|NanoStation Loco2|NanoStation Loco5|Bullet2|Bullet5') in /home/httpd/html/drupal-guifi/modules/drupal-guifi/guifi.install on line 479.
    user warning: Table 'drupal-guifi.guifi_types' doesn't exist query: INSERT INTO guifi_types (id, type, text, description, relations) VALUES ('14', 'firmware', 'RouterOSv4.0+', 'RouterOS 4.0 to 4.6 from Mikrotik', 'Routerboard 532|Routerboard 133C|Routerboard 133|Routerboard 112|Routerboard 153|Supertrasto guifiBUS guifi.net|Routerboard 600|Routerboard 411|Routerboard 333|Routerboard 433|Routerboard 800'); in /home/httpd/html/drupal-guifi/modules/drupal-guifi/guifi.install on line 480.
    user warning: Table 'drupal-guifi.guifi_types' doesn't exist query: INSERT INTO guifi_types (id, type, text, description, relations) VALUES ('15', 'firmware', 'AirOsv52', 'Ubiquti AirOs 5.2', 'AirMaxM2 Rocket/Nano/Loco|AirMaxM5 Rocket/Nano/Loco|AirMaxM2 Bullet/PwBrg/AirGrd/NanoBr|AirMaxM5 Bullet/PwBrg/AirGrd/NanoBr'); in /home/httpd/html/drupal-guifi/modules/drupal-guifi/guifi.install on line 481.
    user warning: Table 'drupal-guifi.guifi_types' doesn't exist query: INSERT INTO guifi_types (id, type, text, description, relations) VALUES ('16', 'firmware', 'RouterOSv4.7+', 'RouterOS 4.7 or newer from Mikrotik', 'Routerboard 532|Routerboard 133C|Routerboard 133|Routerboard 112|Routerboard 153|Supertrasto guifiBUS guifi.net|Routerboard 600|Routerboard 411|Routerboard 333|Routerboard 433|Routerboard 800|Routerboard 750/750G'); in /home/httpd/html/drupal-guifi/modules/drupal-guifi/guifi.install on line 482.
    user warning: Table 'drupal-guifi.guifi_types' doesn't exist query: INSERT INTO guifi_types (id, type, text, description, relations) VALUES ('17', 'firmware', 'GuifiStationOS1.0', 'GuifiStationOS v1.0 from Setup Informatica', 'GuifiStation2|GuifiStation5'); in /home/httpd/html/drupal-guifi/modules/drupal-guifi/guifi.install on line 483.
    user warning: Table 'drupal-guifi.guifi_types' doesn't exist query: INSERT INTO guifi_types (id, type, text, description, relations) VALUES ('18', 'firmware', 'gsffirm', 'Firmware de GràciaSenseFils MANET', 'Alix2|Alix3|WRT54Gv1-4|WRT54GL|WRT54GSv1-2|WRT54GSv4|Asus WL-500xx|WHR-HP-G54, WHR-G54S|NanoStation2|NanoStation5|NanoStation Loco2|NanoStation Loco5|Bullet2|Bullet5|RouterStation|RouterStationPro|Meraki/Fonera'); in /home/httpd/html/drupal-guifi/modules/drupal-guifi/guifi.install on line 484.
    user warning: Table 'drupal-guifi.guifi_types' doesn't exist query: INSERT INTO guifi_types (id, type, text, description, relations) VALUES ('19', 'firmware', 'RouterOSv5.x', 'RouterOS 5.x or newer from Mikrotik', 'Routerboard 532|Routerboard 133C|Routerboard 133|Routerboard 112|Routerboard 153|Supertrasto guifiBUS guifi.net|Routerboard 600|Routerboard 411|Routerboard 333|Routerboard 433|Routerboard 800|Routerboard 750/750G'); in /home/httpd/html/drupal-guifi/modules/drupal-guifi/guifi.install on line 485.
    user warning: Table 'drupal-guifi.guifi_types' doesn't exist query: INSERT INTO guifi_types (id, type, text, description, relations) VALUES ('20', 'firmware', 'AirOsv3.6+', 'Ubiquti AirOs 3.6+', 'NanoStation2|NanoStation5|NanoStation Loco2|NanoStation Loco5|Bullet2|Bullet5') in /home/httpd/html/drupal-guifi/modules/drupal-guifi/guifi.install on line 486.
    user warning: Table 'drupal-guifi.guifi_types' doesn't exist query: INSERT INTO guifi_types (id, type, text, description) VALUES ('1', 'antenna', '0', 'original/integrated'); in /home/httpd/html/drupal-guifi/modules/drupal-guifi/guifi.install on line 491.
    user warning: Table 'drupal-guifi.guifi_types' doesn't exist query: INSERT INTO guifi_types (id, type, text, description) VALUES ('2', 'antenna', '360', 'omnidirectional'); in /home/httpd/html/drupal-guifi/modules/drupal-guifi/guifi.install on line 492.
    user warning: Table 'drupal-guifi.guifi_types' doesn't exist query: INSERT INTO guifi_types (id, type, text, description) VALUES ('3', 'antenna', '6', 'yagi/directive'); in /home/httpd/html/drupal-guifi/modules/drupal-guifi/guifi.install on line 493.
    user warning: Table 'drupal-guifi.guifi_types' doesn't exist query: INSERT INTO guifi_types (id, type, text, description) VALUES ('4', 'antenna', '90', 'sector 90 degrees'); in /home/httpd/html/drupal-guifi/modules/drupal-guifi/guifi.install on line 494.
    user warning: Table 'drupal-guifi.guifi_types' doesn't exist query: INSERT INTO guifi_types (id, type, text, description) VALUES ('5', 'antenna', '120', 'sector 120 degrees'); in /home/httpd/html/drupal-guifi/modules/drupal-guifi/guifi.install on line 495.
    user warning: Table 'drupal-guifi.guifi_types' doesn't exist query: INSERT INTO guifi_types (id, type, text, description) VALUES ('6', 'antenna', '90', 'patch 90 degrees'); in /home/httpd/html/drupal-guifi/modules/drupal-guifi/guifi.install on line 496.
    user warning: Table 'drupal-guifi.guifi_types' doesn't exist query: INSERT INTO guifi_types (id, type, text, description) VALUES ('7', 'antenna', '60', 'patch 60 degrees'); in /home/httpd/html/drupal-guifi/modules/drupal-guifi/guifi.install on line 497.
    user warning: Table 'drupal-guifi.guifi_types' doesn't exist query: INSERT INTO guifi_types (id, type, text, description) VALUES ('8', 'antenna', '30', 'patch 30 degrees'); in /home/httpd/html/drupal-guifi/modules/drupal-guifi/guifi.install on line 498.
    user warning: Table 'drupal-guifi.guifi_types' doesn't exist query: INSERT INTO guifi_types (id, type, text, description) VALUES ('1', 'tz', '-12 1 0', '(GMT-12:00) Kwajalein'); in /home/httpd/html/drupal-guifi/modules/drupal-guifi/guifi.install on line 518.
    user warning: Table 'drupal-guifi.guifi_types' doesn't exist query: INSERT INTO guifi_types (id, type, text, description) VALUES ('2', 'tz', '-11 1 0', '(GMT-11:00) Midway Island, Samoa'); in /home/httpd/html/drupal-guifi/modules/drupal-guifi/guifi.install on line 519.
    user warning: Table 'drupal-guifi.guifi_types' doesn't exist query: INSERT INTO guifi_types (id, type, text, description) VALUES ('3', 'tz', '-10 1 0', '(GMT-10:00) Hawaii'); in /home/httpd/html/drupal-guifi/modules/drupal-guifi/guifi.install on line 520.
    user warning: Table 'drupal-guifi.guifi_types' doesn't exist query: INSERT INTO guifi_types (id, type, text, description) VALUES ('4', 'tz', '-09 1 1', '(GMT-09:00) Alaska'); in /home/httpd/html/drupal-guifi/modules/drupal-guifi/guifi.install on line 521.
    user warning: Table 'drupal-guifi.guifi_types' doesn't exist query: INSERT INTO guifi_types (id, type, text, description) VALUES ('5', 'tz', '-08 1 1', '(GMT-08:00) Pacific Time (USA &amp; Canada)'); in /home/httpd/html/drupal-guifi/modules/drupal-guifi/guifi.install on line 522.
    user warning: Table 'drupal-guifi.guifi_types' doesn't exist query: INSERT INTO guifi_types (id, type, text, description) VALUES ('6', 'tz', '-07 1 0', '(GMT-07:00) Arizona'); in /home/httpd/html/drupal-guifi/modules/drupal-guifi/guifi.install on line 523.
    user warning: Table 'drupal-guifi.guifi_types' doesn't exist query: INSERT INTO guifi_types (id, type, text, description) VALUES ('7', 'tz', '-07 2 1', '(GMT-07:00) Mountain Time (USA &amp; Canada)'); in /home/httpd/html/drupal-guifi/modules/drupal-guifi/guifi.install on line 524.
    user warning: Table 'drupal-guifi.guifi_types' doesn't exist query: INSERT INTO guifi_types (id, type, text, description) VALUES ('8', 'tz', '-06 1 0', '(GMT-06:00) Mexico'); in /home/httpd/html/drupal-guifi/modules/drupal-guifi/guifi.install on line 525.
    user warning: Table 'drupal-guifi.guifi_types' doesn't exist query: INSERT INTO guifi_types (id, type, text, description) VALUES ('9', 'tz', '-06 2 1', '(GMT-06:00) Central Time (USA &amp; Canada)'); in /home/httpd/html/drupal-guifi/modules/drupal-guifi/guifi.install on line 526.
    user warning: Table 'drupal-guifi.guifi_types' doesn't exist query: INSERT INTO guifi_types (id, type, text, description) VALUES ('10', 'tz', '-05 1 0', '(GMT-05:00) Indiana East, Colombia, Panama'); in /home/httpd/html/drupal-guifi/modules/drupal-guifi/guifi.install on line 527.
    user warning: Table 'drupal-guifi.guifi_types' doesn't exist query: INSERT INTO guifi_types (id, type, text, description) VALUES ('11', 'tz', '-05 2 1', '(GMT-05:00) Eastern Time (USA &amp; Canada)'); in /home/httpd/html/drupal-guifi/modules/drupal-guifi/guifi.install on line 528.
    user warning: Table 'drupal-guifi.guifi_types' doesn't exist query: INSERT INTO guifi_types (id, type, text, description) VALUES ('12', 'tz', '-04 1 0', '(GMT-04:00) Bolivia, Venezuela'); in /home/httpd/html/drupal-guifi/modules/drupal-guifi/guifi.install on line 529.
    user warning: Table 'drupal-guifi.guifi_types' doesn't exist query: INSERT INTO guifi_types (id, type, text, description) VALUES ('13', 'tz', '-04 2 1', '(GMT-04:00) Atlantic Time (Canada), Brazil West'); in /home/httpd/html/drupal-guifi/modules/drupal-guifi/guifi.install on line 530.
    user warning: Table 'drupal-guifi.guifi_types' doesn't exist query: INSERT INTO guifi_types (id, type, text, description) VALUES ('14', 'tz', '-03.5 1 1', '(GMT-03:30) Newfoundland'); in /home/httpd/html/drupal-guifi/modules/drupal-guifi/guifi.install on line 531.
    user warning: Table 'drupal-guifi.guifi_types' doesn't exist query: INSERT INTO guifi_types (id, type, text, description) VALUES ('15', 'tz', '-03 1 0', '(GMT-03:00) Guyana'); in /home/httpd/html/drupal-guifi/modules/drupal-guifi/guifi.install on line 532.
    user warning: Table 'drupal-guifi.guifi_types' doesn't exist query: INSERT INTO guifi_types (id, type, text, description) VALUES ('16', 'tz', '-03 2 1', '(GMT-03:00) Brazil East, Greenland'); in /home/httpd/html/drupal-guifi/modules/drupal-guifi/guifi.install on line 533.
    user warning: Table 'drupal-guifi.guifi_types' doesn't exist query: INSERT INTO guifi_types (id, type, text, description) VALUES ('17', 'tz', '-02 1 0', '(GMT-02:00) Mid-Atlantic'); in /home/httpd/html/drupal-guifi/modules/drupal-guifi/guifi.install on line 534.
    user warning: Table 'drupal-guifi.guifi_types' doesn't exist query: INSERT INTO guifi_types (id, type, text, description) VALUES ('18', 'tz', '-01 1 2', '(GMT-01:00) Azores'); in /home/httpd/html/drupal-guifi/modules/drupal-guifi/guifi.install on line 535.
    user warning: Table 'drupal-guifi.guifi_types' doesn't exist query: INSERT INTO guifi_types (id, type, text, description) VALUES ('19', 'tz', '+00 1 0', '(GMT) Gambia, Liberia, Morocco'); in /home/httpd/html/drupal-guifi/modules/drupal-guifi/guifi.install on line 536.
    user warning: Table 'drupal-guifi.guifi_types' doesn't exist query: INSERT INTO guifi_types (id, type, text, description) VALUES ('20', 'tz', '+00 2 2', '(GMT) England'); in /home/httpd/html/drupal-guifi/modules/drupal-guifi/guifi.install on line 537.
    user warning: Table 'drupal-guifi.guifi_types' doesn't exist query: INSERT INTO guifi_types (id, type, text, description) VALUES ('21', 'tz', '+01 1 0', '(GMT+01:00) Tunisia'); in /home/httpd/html/drupal-guifi/modules/drupal-guifi/guifi.install on line 538.
    user warning: Table 'drupal-guifi.guifi_types' doesn't exist query: INSERT INTO guifi_types (id, type, text, description) VALUES ('22', 'tz', '+01 2 2', '(GMT+01:00) Gurb, France, Germany, Italy'); in /home/httpd/html/drupal-guifi/modules/drupal-guifi/guifi.install on line 539.
    user warning: Table 'drupal-guifi.guifi_types' doesn't exist query: INSERT INTO guifi_types (id, type, text, description) VALUES ('23', 'tz', '+02 1 0', '(GMT+02:00) South Africa'); in /home/httpd/html/drupal-guifi/modules/drupal-guifi/guifi.install on line 540.
    user warning: Table 'drupal-guifi.guifi_types' doesn't exist query: INSERT INTO guifi_types (id, type, text, description) VALUES ('24', 'tz', '+02 2 2', '(GMT+02:00) Greece, Ukraine, Romania, Turkey'); in /home/httpd/html/drupal-guifi/modules/drupal-guifi/guifi.install on line 541.
    user warning: Table 'drupal-guifi.guifi_types' doesn't exist query: INSERT INTO guifi_types (id, type, text, description) VALUES ('25', 'tz', '+03 1 0', '(GMT+03:00) Iraq, Jordan, Kuwait'); in /home/httpd/html/drupal-guifi/modules/drupal-guifi/guifi.install on line 542.
    user warning: Table 'drupal-guifi.guifi_types' doesn't exist query: INSERT INTO guifi_types (id, type, text, description) VALUES ('26', 'tz', '+04 1 0', '(GMT+04:00) Armenia'); in /home/httpd/html/drupal-guifi/modules/drupal-guifi/guifi.install on line 543.
    user warning: Table 'drupal-guifi.guifi_types' doesn't exist query: INSERT INTO guifi_types (id, type, text, description) VALUES ('27', 'tz', '+05 1 0', '(GMT+05:00) Pakistan, Russia'); in /home/httpd/html/drupal-guifi/modules/drupal-guifi/guifi.install on line 544.
    user warning: Table 'drupal-guifi.guifi_types' doesn't exist query: INSERT INTO guifi_types (id, type, text, description) VALUES ('28', 'tz', '+06 1 0', '(GMT+06:00) Bangladesh, Russia'); in /home/httpd/html/drupal-guifi/modules/drupal-guifi/guifi.install on line 545.
    user warning: Table 'drupal-guifi.guifi_types' doesn't exist query: INSERT INTO guifi_types (id, type, text, description) VALUES ('29', 'tz', '+07 1 0', '(GMT+07:00) Thailand, Russia'); in /home/httpd/html/drupal-guifi/modules/drupal-guifi/guifi.install on line 546.
    user warning: Table 'drupal-guifi.guifi_types' doesn't exist query: INSERT INTO guifi_types (id, type, text, description) VALUES ('30', 'tz', '+08 1 0', '(GMT+08:00) China, Hong Kong, Australia Western'); in /home/httpd/html/drupal-guifi/modules/drupal-guifi/guifi.install on line 547.
    user warning: Table 'drupal-guifi.guifi_types' doesn't exist query: INSERT INTO guifi_types (id, type, text, description) VALUES ('31', 'tz', '+08 2 0', '(GMT+08:00) Singapore, Taiwan, Russia'); in /home/httpd/html/drupal-guifi/modules/drupal-guifi/guifi.install on line 548.
    user warning: Table 'drupal-guifi.guifi_types' doesn't exist query: INSERT INTO guifi_types (id, type, text, description) VALUES ('32', 'tz', '+09 1 0', '(GMT+09:00) Japan, Korea'); in /home/httpd/html/drupal-guifi/modules/drupal-guifi/guifi.install on line 549.
    user warning: Table 'drupal-guifi.guifi_types' doesn't exist query: INSERT INTO guifi_types (id, type, text, description) VALUES ('33', 'tz', '+09.5 1 4', '(GMT+09:30) Australia Central'); in /home/httpd/html/drupal-guifi/modules/drupal-guifi/guifi.install on line 550.
    user warning: Table 'drupal-guifi.guifi_types' doesn't exist query: INSERT INTO guifi_types (id, type, text, description) VALUES ('34', 'tz', '+10 1 0', '(GMT+10:00) Guam, Russia'); in /home/httpd/html/drupal-guifi/modules/drupal-guifi/guifi.install on line 551.
    user warning: Table 'drupal-guifi.guifi_types' doesn't exist query: INSERT INTO guifi_types (id, type, text, description) VALUES ('35', 'tz', '+10 2 4', '(GMT+10:00) Australia Eastern'); in /home/httpd/html/drupal-guifi/modules/drupal-guifi/guifi.install on line 552.
    user warning: Table 'drupal-guifi.guifi_types' doesn't exist query: INSERT INTO guifi_types (id, type, text, description) VALUES ('36', 'tz', '+11 1 0', '(GMT+11:00) Solomon Islands'); in /home/httpd/html/drupal-guifi/modules/drupal-guifi/guifi.install on line 553.
    user warning: Table 'drupal-guifi.guifi_types' doesn't exist query: INSERT INTO guifi_types (id, type, text, description) VALUES ('37', 'tz', '+12 1 0', '(GMT+12:00) Fiji'); in /home/httpd/html/drupal-guifi/modules/drupal-guifi/guifi.install on line 554.
    user warning: Table 'drupal-guifi.guifi_types' doesn't exist query: INSERT INTO guifi_types (id, type, text, description) VALUES ('38', 'tz', '+12 2 4', '(GMT+12:00) New Zealand'); in /home/httpd/html/drupal-guifi/modules/drupal-guifi/guifi.install on line 555.
    user warning: Table 'drupal-guifi.guifi_types' doesn't exist query: DELETE FROM `guifi_types` WHERE `type` = 'channel' in /home/httpd/html/drupal-guifi/modules/drupal-guifi/guifi.install on line 560.
    user warning: Table 'drupal-guifi.guifi_types' doesn't exist query: INSERT INTO guifi_types (id, type, text, description, relations) VALUES ('1', 'channel', '0', 'Auto 2.4GHz', '802.11b|802.11g|802.11n'); in /home/httpd/html/drupal-guifi/modules/drupal-guifi/guifi.install on line 561.
    user warning: Table 'drupal-guifi.guifi_types' doesn't exist query: INSERT INTO guifi_types (id, type, text, description, relations) VALUES ('2', 'channel', '1', '1 - 2412 MHz', '802.11b|802.11g|802.11n'); in /home/httpd/html/drupal-guifi/modules/drupal-guifi/guifi.install on line 562.
    user warning: Table 'drupal-guifi.guifi_types' doesn't exist query: INSERT INTO guifi_types (id, type, text, description, relations) VALUES ('3', 'channel', '2', '2 - 2417 MHz', '802.11b|802.11g|802.11n'); in /home/httpd/html/drupal-guifi/modules/drupal-guifi/guifi.install on line 563.
    user warning: Table 'drupal-guifi.guifi_types' doesn't exist query: INSERT INTO guifi_types (id, type, text, description, relations) VALUES ('4', 'channel', '3', '3 - 2422 MHz', '802.11b|802.11g|802.11n'); in /home/httpd/html/drupal-guifi/modules/drupal-guifi/guifi.install on line 564.
    user warning: Table 'drupal-guifi.guifi_types' doesn't exist query: INSERT INTO guifi_types (id, type, text, description, relations) VALUES ('5', 'channel', '4', '4 - 2422 MHz', '802.11b|802.11g|802.11n'); in /home/httpd/html/drupal-guifi/modules/drupal-guifi/guifi.install on line 565.
    user warning: Table 'drupal-guifi.guifi_types' doesn't exist query: INSERT INTO guifi_types (id, type, text, description, relations) VALUES ('6', 'channel', '5', '5 - 2432 MHz', '802.11b|802.11g|802.11n'); in /home/httpd/html/drupal-guifi/modules/drupal-guifi/guifi.install on line 566.
    user warning: Table 'drupal-guifi.guifi_types' doesn't exist query: INSERT INTO guifi_types (id, type, text, description, relations) VALUES ('7', 'channel', '6', '6 - 2437 MHz', '802.11b|802.11g|802.11n'); in /home/httpd/html/drupal-guifi/modules/drupal-guifi/guifi.install on line 567.
    user warning: Table 'drupal-guifi.guifi_types' doesn't exist query: INSERT INTO guifi_types (id, type, text, description, relations) VALUES ('8', 'channel', '7', '7 - 2442 MHz', '802.11b|802.11g|802.11n'); in /home/httpd/html/drupal-guifi/modules/drupal-guifi/guifi.install on line 568.
    user warning: Table 'drupal-guifi.guifi_types' doesn't exist query: INSERT INTO guifi_types (id, type, text, description, relations) VALUES ('9', 'channel', '8', '8 - 2447 MHz', '802.11b|802.11g|802.11n'); in /home/httpd/html/drupal-guifi/modules/drupal-guifi/guifi.install on line 569.
    user warning: Table 'drupal-guifi.guifi_types' doesn't exist query: INSERT INTO guifi_types (id, type, text, description, relations) VALUES ('10', 'channel', '9', '9 - 2452 MHz', '802.11b|802.11g|802.11n'); in /home/httpd/html/drupal-guifi/modules/drupal-guifi/guifi.install on line 570.
    user warning: Table 'drupal-guifi.guifi_types' doesn't exist query: INSERT INTO guifi_types (id, type, text, description, relations) VALUES ('11', 'channel', '10', '10 - 2457 MHz', '802.11b|802.11g|802.11n'); in /home/httpd/html/drupal-guifi/modules/drupal-guifi/guifi.install on line 571.
    user warning: Table 'drupal-guifi.guifi_types' doesn't exist query: INSERT INTO guifi_types (id, type, text, description, relations) VALUES ('12', 'channel', '11', '11 - 2462 MHz', '802.11b|802.11g|802.11n'); in /home/httpd/html/drupal-guifi/modules/drupal-guifi/guifi.install on line 572.
    user warning: Table 'drupal-guifi.guifi_types' doesn't exist query: INSERT INTO guifi_types (id, type, text, description, relations) VALUES ('13', 'channel', '12', '12 - 2467 MHz', '802.11b|802.11g|802.11n'); in /home/httpd/html/drupal-guifi/modules/drupal-guifi/guifi.install on line 573.
    user warning: Table 'drupal-guifi.guifi_types' doesn't exist query: INSERT INTO guifi_types (id, type, text, description, relations) VALUES ('14', 'channel', '13', '13 - 2472 MHz', '802.11b|802.11g|802.11n'); in /home/httpd/html/drupal-guifi/modules/drupal-guifi/guifi.install on line 574.
    user warning: Table 'drupal-guifi.guifi_types' doesn't exist query: INSERT INTO guifi_types (id, type, text, description, relations) VALUES ('15', 'channel', '14', '14 - 2477 MHz', '802.11b|802.11g|802.11n'); in /home/httpd/html/drupal-guifi/modules/drupal-guifi/guifi.install on line 575.
    user warning: Table 'drupal-guifi.guifi_types' doesn't exist query: INSERT INTO guifi_types (id, type, text, description, relations) VALUES ('16', 'channel', '5000', 'Auto 5GHz', '802.11a|802.11n'); in /home/httpd/html/drupal-guifi/modules/drupal-guifi/guifi.install on line 576.
    user warning: Table 'drupal-guifi.guifi_types' doesn't exist query: INSERT INTO guifi_types (id, type, text, description, relations) VALUES ('17', 'channel', '5180', '36 - 5180MHz - 20Mhz', '802.11a|802.11n'); in /home/httpd/html/drupal-guifi/modules/drupal-guifi/guifi.install on line 577.
    user warning: Table 'drupal-guifi.guifi_types' doesn't exist query: INSERT INTO guifi_types (id, type, text, description, relations) VALUES ('18', 'channel', '5200', '40 - 5200MHz - 20Mhz', '802.11a|802.11n'); in /home/httpd/html/drupal-guifi/modules/drupal-guifi/guifi.install on line 578.
    user warning: Table 'drupal-guifi.guifi_types' doesn't exist query: INSERT INTO guifi_types (id, type, text, description, relations) VALUES ('19', 'channel', '5220', '44 - 5220MHz - 20Mhz', '802.11a|802.11n'); in /home/httpd/html/drupal-guifi/modules/drupal-guifi/guifi.install on line 579.
    user warning: Table 'drupal-guifi.guifi_types' doesn't exist query: INSERT INTO guifi_types (id, type, text, description, relations) VALUES ('20', 'channel', '5240', '48 - 5240MHz - 20Mhz', '802.11a|802.11n'); in /home/httpd/html/drupal-guifi/modules/drupal-guifi/guifi.install on line 580.
    user warning: Table 'drupal-guifi.guifi_types' doesn't exist query: INSERT INTO guifi_types (id, type, text, description, relations) VALUES ('21', 'channel', '5260', '52 - 5260MHz - 20Mhz', '802.11a|802.11n'); in /home/httpd/html/drupal-guifi/modules/drupal-guifi/guifi.install on line 581.
    user warning: Table 'drupal-guifi.guifi_types' doesn't exist query: INSERT INTO guifi_types (id, type, text, description, relations) VALUES ('22', 'channel', '5280', '56 - 5280MHz - 20Mhz', '802.11a|802.11n'); in /home/httpd/html/drupal-guifi/modules/drupal-guifi/guifi.install on line 582.
    user warning: Table 'drupal-guifi.guifi_types' doesn't exist query: INSERT INTO guifi_types (id, type, text, description, relations) VALUES ('23', 'channel', '5300', '60 - 5300MHz - 20Mhz', '802.11a|802.11n'); in /home/httpd/html/drupal-guifi/modules/drupal-guifi/guifi.install on line 583.
    user warning: Table 'drupal-guifi.guifi_types' doesn't exist query: INSERT INTO guifi_types (id, type, text, description, relations) VALUES ('24', 'channel', '5320', '64 - 5320MHz - 20Mhz', '802.11a|802.11n'); in /home/httpd/html/drupal-guifi/modules/drupal-guifi/guifi.install on line 584.
    user warning: Table 'drupal-guifi.guifi_types' doesn't exist query: INSERT INTO guifi_types (id, type, text, description, relations) VALUES ('25', 'channel', '5500', '100 - 5500MHz - 20Mhz', '802.11a|802.11n'); in /home/httpd/html/drupal-guifi/modules/drupal-guifi/guifi.install on line 585.
    user warning: Table 'drupal-guifi.guifi_types' doesn't exist query: INSERT INTO guifi_types (id, type, text, description, relations) VALUES ('26', 'channel', '5520', '104 - 5520MHz - 20Mhz', '802.11a|802.11n'); in /home/httpd/html/drupal-guifi/modules/drupal-guifi/guifi.install on line 586.
    user warning: Table 'drupal-guifi.guifi_types' doesn't exist query: INSERT INTO guifi_types (id, type, text, description, relations) VALUES ('27', 'channel', '5540', '108 - 5540MHz - 20Mhz', '802.11a|802.11n'); in /home/httpd/html/drupal-guifi/modules/drupal-guifi/guifi.install on line 587.
    user warning: Table 'drupal-guifi.guifi_types' doesn't exist query: INSERT INTO guifi_types (id, type, text, description, relations) VALUES ('28', 'channel', '5560', '112 - 5560MHz - 20Mhz', '802.11a|802.11n'); in /home/httpd/html/drupal-guifi/modules/drupal-guifi/guifi.install on line 588.
    user warning: Table 'drupal-guifi.guifi_types' doesn't exist query: INSERT INTO guifi_types (id, type, text, description, relations) VALUES ('29', 'channel', '5580', '116 - 5580MHz - 20Mhz', '802.11a|802.11n'); in /home/httpd/html/drupal-guifi/modules/drupal-guifi/guifi.install on line 589.
    user warning: Table 'drupal-guifi.guifi_types' doesn't exist query: INSERT INTO guifi_types (id, type, text, description, relations) VALUES ('30', 'channel', '5600', '120 - 5600MHz - 20Mhz', '802.11a|802.11n'); in /home/httpd/html/drupal-guifi/modules/drupal-guifi/guifi.install on line 590.
    user warning: Table 'drupal-guifi.guifi_types' doesn't exist query: INSERT INTO guifi_types (id, type, text, description, relations) VALUES ('31', 'channel', '5620', '124 - 5620MHz - 20Mhz', '802.11a|802.11n'); in /home/httpd/html/drupal-guifi/modules/drupal-guifi/guifi.install on line 591.
    user warning: Table 'drupal-guifi.guifi_types' doesn't exist query: INSERT INTO guifi_types (id, type, text, description, relations) VALUES ('32', 'channel', '5640', '128 - 5640MHz - 20Mhz', '802.11a|802.11n'); in /home/httpd/html/drupal-guifi/modules/drupal-guifi/guifi.install on line 592.
    user warning: Table 'drupal-guifi.guifi_types' doesn't exist query: INSERT INTO guifi_types (id, type, text, description, relations) VALUES ('33', 'channel', '5660', '132 - 5660MHz - 20Mhz', '802.11a|802.11n'); in /home/httpd/html/drupal-guifi/modules/drupal-guifi/guifi.install on line 593.
    user warning: Table 'drupal-guifi.guifi_types' doesn't exist query: INSERT INTO guifi_types (id, type, text, description, relations) VALUES ('34', 'channel', '5680', '136 - 5680MHz - 20Mhz', '802.11a|802.11n'); in /home/httpd/html/drupal-guifi/modules/drupal-guifi/guifi.install on line 594.
    user warning: Table 'drupal-guifi.guifi_types' doesn't exist query: INSERT INTO guifi_types (id, type, text, description, relations) VALUES ('35', 'channel', '5700', '140 - 5700MHz - 20Mhz', '802.11a|802.11n'); in /home/httpd/html/drupal-guifi/modules/drupal-guifi/guifi.install on line 595.
    user warning: Table 'drupal-guifi.guifi_types' doesn't exist query: INSERT INTO guifi_types (id, type, text, description, relations) VALUES ('36', 'channel', '5185', '37! - 5185MHz - 20Mhz/5Mhz', '802.11a|802.11n'); in /home/httpd/html/drupal-guifi/modules/drupal-guifi/guifi.install on line 596.
    user warning: Table 'drupal-guifi.guifi_types' doesn't exist query: INSERT INTO guifi_types (id, type, text, description, relations) VALUES ('37', 'channel', '5190', '38! - 5190MHz - 20Mhz/5Mhz', '802.11a|802.11n'); in /home/httpd/html/drupal-guifi/modules/drupal-guifi/guifi.install on line 597.
    user warning: Table 'drupal-guifi.guifi_types' doesn't exist query: INSERT INTO guifi_types (id, type, text, description, relations) VALUES ('38', 'channel', '5195', '39! - 5195MHz - 20Mhz/5Mhz', '802.11a|802.11n'); in /home/httpd/html/drupal-guifi/modules/drupal-guifi/guifi.install on line 598.
    user warning: Table 'drupal-guifi.guifi_types' doesn't exist query: INSERT INTO guifi_types (id, type, text, description, relations) VALUES ('39', 'channel', '5205', '41! - 5205MHz - 20Mhz/5Mhz', '802.11a|802.11n'); in /home/httpd/html/drupal-guifi/modules/drupal-guifi/guifi.install on line 599.
    user warning: Table 'drupal-guifi.guifi_types' doesn't exist query: INSERT INTO guifi_types (id, type, text, description, relations) VALUES ('40', 'channel', '5210', '42! - 5210MHz - 20Mhz/5Mhz', '802.11a|802.11n'); in /home/httpd/html/drupal-guifi/modules/drupal-guifi/guifi.install on line 600.
    user warning: Table 'drupal-guifi.guifi_types' doesn't exist query: INSERT INTO guifi_types (id, type, text, description, relations) VALUES ('41', 'channel', '5215', '43! - 5215MHz - 20Mhz/5Mhz', '802.11a|802.11n'); in /home/httpd/html/drupal-guifi/modules/drupal-guifi/guifi.install on line 601.
    user warning: Table 'drupal-guifi.guifi_types' doesn't exist query: INSERT INTO guifi_types (id, type, text, description, relations) VALUES ('42', 'channel', '5225', '45! - 5225MHz - 20Mhz/5Mhz', '802.11a|802.11n'); in /home/httpd/html/drupal-guifi/modules/drupal-guifi/guifi.install on line 602.
    user warning: Table 'drupal-guifi.guifi_types' doesn't exist query: INSERT INTO guifi_types (id, type, text, description, relations) VALUES ('43', 'channel', '5230', '46! - 5230MHz - 20Mhz/5Mhz', '802.11a|802.11n'); in /home/httpd/html/drupal-guifi/modules/drupal-guifi/guifi.install on line 603.
    user warning: Table 'drupal-guifi.guifi_types' doesn't exist query: INSERT INTO guifi_types (id, type, text, description, relations) VALUES ('44', 'channel', '5235', '47! - 5235MHz - 20Mhz/5Mhz', '802.11a|802.11n'); in /home/httpd/html/drupal-guifi/modules/drupal-guifi/guifi.install on line 604.
    user warning: Table 'drupal-guifi.guifi_types' doesn't exist query: INSERT INTO guifi_types (id, type, text, description, relations) VALUES ('45', 'channel', '5245', '49! - 5245MHz - 20Mhz/5Mhz', '802.11a|802.11n'); in /home/httpd/html/drupal-guifi/modules/drupal-guifi/guifi.install on line 605.
    user warning: Table 'drupal-guifi.guifi_types' doesn't exist query: INSERT INTO guifi_types (id, type, text, description, relations) VALUES ('46', 'channel', '5250', '50! - 5250MHz - 20Mhz/5Mhz', '802.11a|802.11n'); in /home/httpd/html/drupal-guifi/modules/drupal-guifi/guifi.install on line 606.
    user warning: Table 'drupal-guifi.guifi_types' doesn't exist query: INSERT INTO guifi_types (id, type, text, description, relations) VALUES ('47', 'channel', '5255', '51! - 5255MHz - 20Mhz/5Mhz', '802.11a|802.11n'); in /home/httpd/html/drupal-guifi/modules/drupal-guifi/guifi.install on line 607.
    user warning: Table 'drupal-guifi.guifi_types' doesn't exist query: INSERT INTO guifi_types (id, type, text, description, relations) VALUES ('48', 'channel', '5265', '53! - 5265MHz - 20Mhz/5Mhz', '802.11a|802.11n'); in /home/httpd/html/drupal-guifi/modules/drupal-guifi/guifi.install on line 608.
    user warning: Table 'drupal-guifi.guifi_types' doesn't exist query: INSERT INTO guifi_types (id, type, text, description, relations) VALUES ('49', 'channel', '5270', '54! - 5270MHz - 20Mhz/5Mhz', '802.11a|802.11n'); in /home/httpd/html/drupal-guifi/modules/drupal-guifi/guifi.install on line 609.
    user warning: Table 'drupal-guifi.guifi_types' doesn't exist query: INSERT INTO guifi_types (id, type, text, description, relations) VALUES ('50', 'channel', '5275', '55! - 5275MHz - 20Mhz/5Mhz', '802.11a|802.11n'); in /home/httpd/html/drupal-guifi/modules/drupal-guifi/guifi.install on line 610.
    user warning: Table 'drupal-guifi.guifi_types' doesn't exist query: INSERT INTO guifi_types (id, type, text, description, relations) VALUES ('51', 'channel', '5285', '57! - 5285MHz - 20Mhz/5Mhz', '802.11a|802.11n'); in /home/httpd/html/drupal-guifi/modules/drupal-guifi/guifi.install on line 611.
    user warning: Table 'drupal-guifi.guifi_types' doesn't exist query: INSERT INTO guifi_types (id, type, text, description, relations) VALUES ('52', 'channel', '5290', '58! - 5290MHz - 20Mhz/5Mhz', '802.11a|802.11n'); in /home/httpd/html/drupal-guifi/modules/drupal-guifi/guifi.install on line 612.
    user warning: Table 'drupal-guifi.guifi_types' doesn't exist query: INSERT INTO guifi_types (id, type, text, description, relations) VALUES ('53', 'channel', '5295', '59! - 5295MHz - 20Mhz/5Mhz', '802.11a|802.11n'); in /home/httpd/html/drupal-guifi/modules/drupal-guifi/guifi.install on line 613.
    user warning: Table 'drupal-guifi.guifi_types' doesn't exist query: INSERT INTO guifi_types (id, type, text, description, relations) VALUES ('54', 'channel', '5305', '61! - 5305MHz - 20Mhz/5Mhz', '802.11a|802.11n'); in /home/httpd/html/drupal-guifi/modules/drupal-guifi/guifi.install on line 614.
    user warning: Table 'drupal-guifi.guifi_types' doesn't exist query: INSERT INTO guifi_types (id, type, text, description, relations) VALUES ('55', 'channel', '5310', '62! - 5310MHz - 20Mhz/5Mhz', '802.11a|802.11n'); in /home/httpd/html/drupal-guifi/modules/drupal-guifi/guifi.install on line 615.
    user warning: Table 'drupal-guifi.guifi_types' doesn't exist query: INSERT INTO guifi_types (id, type, text, description, relations) VALUES ('56', 'channel', '5315', '63! - 5315MHz - 20Mhz/5Mhz', '802.11a|802.11n'); in /home/httpd/html/drupal-guifi/modules/drupal-guifi/guifi.install on line 616.
    user warning: Table 'drupal-guifi.guifi_types' doesn't exist query: INSERT INTO guifi_types (id, type, text, description, relations) VALUES ('57', 'channel', '5505', '101! - 5505MHz - 20Mhz/5Mhz', '802.11a|802.11n'); in /home/httpd/html/drupal-guifi/modules/drupal-guifi/guifi.install on line 617.
    user warning: Table 'drupal-guifi.guifi_types' doesn't exist query: INSERT INTO guifi_types (id, type, text, description, relations) VALUES ('58', 'channel', '5510', '102! - 5510MHz - 20Mhz/5Mhz', '802.11a|802.11n'); in /home/httpd/html/drupal-guifi/modules/drupal-guifi/guifi.install on line 618.
    user warning: Table 'drupal-guifi.guifi_types' doesn't exist query: INSERT INTO guifi_types (id, type, text, description, relations) VALUES ('59', 'channel', '5515', '103! - 5515MHz - 20Mhz/5Mhz', '802.11a|802.11n'); in /home/httpd/html/drupal-guifi/modules/drupal-guifi/guifi.install on line 619.
    user warning: Table 'drupal-guifi.guifi_types' doesn't exist query: INSERT INTO guifi_types (id, type, text, description, relations) VALUES ('60', 'channel', '5525', '105! - 5525MHz - 20Mhz/5Mhz', '802.11a|802.11n'); in /home/httpd/html/drupal-guifi/modules/drupal-guifi/guifi.install on line 620.
    user warning: Table 'drupal-guifi.guifi_types' doesn't exist query: INSERT INTO guifi_types (id, type, text, description, relations) VALUES ('61', 'channel', '5530', '106! - 5530MHz - 20Mhz/5Mhz', '802.11a|802.11n'); in /home/httpd/html/drupal-guifi/modules/drupal-guifi/guifi.install on line 621.
    user warning: Table 'drupal-guifi.guifi_types' doesn't exist query: INSERT INTO guifi_types (id, type, text, description, relations) VALUES ('62', 'channel', '5535', '107! - 5535MHz - 20Mhz/5Mhz', '802.11a|802.11n'); in /home/httpd/html/drupal-guifi/modules/drupal-guifi/guifi.install on line 622.
    user warning: Table 'drupal-guifi.guifi_types' doesn't exist query: INSERT INTO guifi_types (id, type, text, description, relations) VALUES ('63', 'channel', '5545', '109! - 5545MHz - 20Mhz/5Mhz', '802.11a|802.11n'); in /home/httpd/html/drupal-guifi/modules/drupal-guifi/guifi.install on line 623.
    user warning: Table 'drupal-guifi.guifi_types' doesn't exist query: INSERT INTO guifi_types (id, type, text, description, relations) VALUES ('64', 'channel', '5550', '110! - 5550MHz - 20Mhz/5Mhz', '802.11a|802.11n'); in /home/httpd/html/drupal-guifi/modules/drupal-guifi/guifi.install on line 624.
    user warning: Table 'drupal-guifi.guifi_types' doesn't exist query: INSERT INTO guifi_types (id, type, text, description, relations) VALUES ('65', 'channel', '5555', '111! - 5555MHz - 20Mhz/5Mhz', '802.11a|802.11n'); in /home/httpd/html/drupal-guifi/modules/drupal-guifi/guifi.install on line 625.
    user warning: Table 'drupal-guifi.guifi_types' doesn't exist query: INSERT INTO guifi_types (id, type, text, description, relations) VALUES ('66', 'channel', '5565', '113! - 5565MHz - 20Mhz/5Mhz', '802.11a|802.11n'); in /home/httpd/html/drupal-guifi/modules/drupal-guifi/guifi.install on line 626.
    user warning: Table 'drupal-guifi.guifi_types' doesn't exist query: INSERT INTO guifi_types (id, type, text, description, relations) VALUES ('67', 'channel', '5570', '114! - 5570MHz - 20Mhz/5Mhz', '802.11a|802.11n'); in /home/httpd/html/drupal-guifi/modules/drupal-guifi/guifi.install on line 627.
    user warning: Table 'drupal-guifi.guifi_types' doesn't exist query: INSERT INTO guifi_types (id, type, text, description, relations) VALUES ('68', 'channel', '5575', '115! - 5575MHz - 20Mhz/5Mhz', '802.11a|802.11n'); in /home/httpd/html/drupal-guifi/modules/drupal-guifi/guifi.install on line 628.
    user warning: Table 'drupal-guifi.guifi_types' doesn't exist query: INSERT INTO guifi_types (id, type, text, description, relations) VALUES ('69', 'channel', '5585', '117! - 5585MHz - 20Mhz/5Mhz', '802.11a|802.11n'); in /home/httpd/html/drupal-guifi/modules/drupal-guifi/guifi.install on line 629.
    user warning: Table 'drupal-guifi.guifi_types' doesn't exist query: INSERT INTO guifi_types (id, type, text, description, relations) VALUES ('70', 'channel', '5590', '118! - 5590MHz - 20Mhz/5Mhz', '802.11a|802.11n'); in /home/httpd/html/drupal-guifi/modules/drupal-guifi/guifi.install on line 630.
    user warning: Table 'drupal-guifi.guifi_types' doesn't exist query: INSERT INTO guifi_types (id, type, text, description, relations) VALUES ('71', 'channel', '5595', '119! - 5595MHz - 20Mhz/5Mhz', '802.11a|802.11n'); in /home/httpd/html/drupal-guifi/modules/drupal-guifi/guifi.install on line 631.
    user warning: Table 'drupal-guifi.guifi_types' doesn't exist query: INSERT INTO guifi_types (id, type, text, description, relations) VALUES ('72', 'channel', '5605', '121! - 5605MHz - 20Mhz/5Mhz', '802.11a|802.11n'); in /home/httpd/html/drupal-guifi/modules/drupal-guifi/guifi.install on line 632.
    user warning: Table 'drupal-guifi.guifi_types' doesn't exist query: INSERT INTO guifi_types (id, type, text, description, relations) VALUES ('73', 'channel', '5610', '122! - 5610MHz - 20Mhz/5Mhz', '802.11a|802.11n'); in /home/httpd/html/drupal-guifi/modules/drupal-guifi/guifi.install on line 633.
    user warning: Table 'drupal-guifi.guifi_types' doesn't exist query: INSERT INTO guifi_types (id, type, text, description, relations) VALUES ('74', 'channel', '5615', '123! - 5615MHz - 20Mhz/5Mhz', '802.11a|802.11n'); in /home/httpd/html/drupal-guifi/modules/drupal-guifi/guifi.install on line 634.
    user warning: Table 'drupal-guifi.guifi_types' doesn't exist query: INSERT INTO guifi_types (id, type, text, description, relations) VALUES ('75', 'channel', '5625', '125! - 5625MHz - 20Mhz/5Mhz', '802.11a|802.11n'); in /home/httpd/html/drupal-guifi/modules/drupal-guifi/guifi.install on line 635.
    user warning: Table 'drupal-guifi.guifi_types' doesn't exist query: INSERT INTO guifi_types (id, type, text, description, relations) VALUES ('76', 'channel', '5630', '126! - 5630MHz - 20Mhz/5Mhz', '802.11a|802.11n'); in /home/httpd/html/drupal-guifi/modules/drupal-guifi/guifi.install on line 636.
    user warning: Table 'drupal-guifi.guifi_types' doesn't exist query: INSERT INTO guifi_types (id, type, text, description, relations) VALUES ('77', 'channel', '5635', '127! - 5635MHz - 20Mhz/5Mhz', '802.11a|802.11n'); in /home/httpd/html/drupal-guifi/modules/drupal-guifi/guifi.install on line 637.
    user warning: Table 'drupal-guifi.guifi_types' doesn't exist query: INSERT INTO guifi_types (id, type, text, description, relations) VALUES ('78', 'channel', '5645', '129! - 5645MHz - 20Mhz/5Mhz', '802.11a|802.11n'); in /home/httpd/html/drupal-guifi/modules/drupal-guifi/guifi.install on line 638.
    user warning: Table 'drupal-guifi.guifi_types' doesn't exist query: INSERT INTO guifi_types (id, type, text, description, relations) VALUES ('79', 'channel', '5650', '130! - 5650MHz - 20Mhz/5Mhz', '802.11a|802.11n'); in /home/httpd/html/drupal-guifi/modules/drupal-guifi/guifi.install on line 639.
    user warning: Table 'drupal-guifi.guifi_types' doesn't exist query: INSERT INTO guifi_types (id, type, text, description, relations) VALUES ('80', 'channel', '5655', '131! - 5655MHz - 20Mhz/5Mhz', '802.11a|802.11n'); in /home/httpd/html/drupal-guifi/modules/drupal-guifi/guifi.install on line 640.
    user warning: Table 'drupal-guifi.guifi_types' doesn't exist query: INSERT INTO guifi_types (id, type, text, description, relations) VALUES ('81', 'channel', '5665', '133! - 5665MHz - 20Mhz/5Mhz', '802.11a|802.11n'); in /home/httpd/html/drupal-guifi/modules/drupal-guifi/guifi.install on line 641.
    user warning: Table 'drupal-guifi.guifi_types' doesn't exist query: INSERT INTO guifi_types (id, type, text, description, relations) VALUES ('82', 'channel', '5670', '134! - 5670MHz - 20Mhz/5Mhz', '802.11a|802.11n'); in /home/httpd/html/drupal-guifi/modules/drupal-guifi/guifi.install on line 642.
    user warning: Table 'drupal-guifi.guifi_types' doesn't exist query: INSERT INTO guifi_types (id, type, text, description, relations) VALUES ('83', 'channel', '5675', '135! - 5675MHz - 20Mhz/5Mhz', '802.11a|802.11n'); in /home/httpd/html/drupal-guifi/modules/drupal-guifi/guifi.install on line 643.
    user warning: Table 'drupal-guifi.guifi_types' doesn't exist query: INSERT INTO guifi_types (id, type, text, description, relations) VALUES ('84', 'channel', '5685', '137! - 5685MHz - 20Mhz/5Mhz', '802.11a|802.11n'); in /home/httpd/html/drupal-guifi/modules/drupal-guifi/guifi.install on line 644.
    user warning: Table 'drupal-guifi.guifi_types' doesn't exist query: INSERT INTO guifi_types (id, type, text, description, relations) VALUES ('85', 'channel', '5690', '138! - 5690MHz - 20Mhz/5Mhz', '802.11a|802.11n'); in /home/httpd/html/drupal-guifi/modules/drupal-guifi/guifi.install on line 645.
    user warning: Table 'drupal-guifi.guifi_types' doesn't exist query: INSERT INTO guifi_types (id, type, text, description, relations) VALUES ('86', 'channel', '5695', '139! - 5695MHz - 20Mhz/5Mhz', '802.11a|802.11n'); in /home/httpd/html/drupal-guifi/modules/drupal-guifi/guifi.install on line 646.
    user warning: Table 'drupal-guifi.guifi_types' doesn't exist query: INSERT INTO guifi_types (id, type, text, description, relations) VALUES ('87', 'channel', '0000', 'Auto 2-8GHz', 'WiMAX'); in /home/httpd/html/drupal-guifi/modules/drupal-guifi/guifi.install on line 647.
    user warning: Table 'drupal-guifi.guifi_types' doesn't exist query: INSERT INTO guifi_types (id, type, text, description, relations) VALUES ('1', 'routing', 'n/a', 'None', ''); in /home/httpd/html/drupal-guifi/modules/drupal-guifi/guifi.install on line 652.
    user warning: Table 'drupal-guifi.guifi_types' doesn't exist query: INSERT INTO guifi_types (id, type, text, description, relations) VALUES ('2', 'routing', 'Static', 'Static routing', ''); in /home/httpd/html/drupal-guifi/modules/drupal-guifi/guifi.install on line 653.
    user warning: Table 'drupal-guifi.guifi_types' doesn't exist query: INSERT INTO guifi_types (id, type, text, description, relations) VALUES ('3', 'routing', 'Gateway', 'Gateway to AP', ''); in /home/httpd/html/drupal-guifi/modules/drupal-guifi/guifi.install on line 654.
    user warning: Table 'drupal-guifi.guifi_types' doesn't exist query: INSERT INTO guifi_types (id, type, text, description, relations) VALUES ('4', 'routing', 'OSPF', 'OSPF', 'Alchemy|Talisman|DD-WRTv23|DD-guifi|RouterOSv2.9|RouterOSv3.x'); in /home/httpd/html/drupal-guifi/modules/drupal-guifi/guifi.install on line 655.
    user warning: Table 'drupal-guifi.guifi_types' doesn't exist query: INSERT INTO guifi_types (id, type, text, description, relations) VALUES ('5', 'routing', 'BGP', 'BGP', 'Alchemy|Talisman|DD-WRTv23|DD-guifi|RouterOSv2.9|RouterOSv3.x'); in /home/httpd/html/drupal-guifi/modules/drupal-guifi/guifi.install on line 656.
    user warning: Table 'drupal-guifi.guifi_types' doesn't exist query: INSERT INTO guifi_types (id, type, text, description, relations) VALUES ('6', 'routing', 'OLSR', 'OLSR', ''); in /home/httpd/html/drupal-guifi/modules/drupal-guifi/guifi.install on line 657.
    user warning: Table 'drupal-guifi.guifi_types' doesn't exist query: INSERT INTO guifi_types (id, type, text, description, relations) VALUES ('7', 'routing', 'OLSR-NG', 'OLSR-NG', ''); in /home/httpd/html/drupal-guifi/modules/drupal-guifi/guifi.install on line 658.
    user warning: Table 'drupal-guifi.guifi_types' doesn't exist query: INSERT INTO guifi_types (id, type, text, description, relations) VALUES ('8', 'routing', 'BATMAN', 'BATMAN', ''); in /home/httpd/html/drupal-guifi/modules/drupal-guifi/guifi.install on line 659.
    user warning: Table 'drupal-guifi.guifi_types' doesn't exist query: INSERT INTO guifi_types (id, type, text, description, relations) VALUES ('9', 'routing', 'RIP', 'RIP', ''); in /home/httpd/html/drupal-guifi/modules/drupal-guifi/guifi.install on line 660.
    user warning: Table 'drupal-guifi.guifi_types' doesn't exist query: INSERT INTO guifi_types (id, type, text, description, relations) VALUES ('1', 'adhoc', 'OLSR', 'ad-hoc mesh - OLSR', 'kamikaze|freifunk-OLSR'); in /home/httpd/html/drupal-guifi/modules/drupal-guifi/guifi.install on line 665.
    user warning: Table 'drupal-guifi.guifi_types' doesn't exist query: INSERT INTO guifi_types (id, type, text, description, relations) VALUES ('2', 'adhoc', 'OLSR-NG', 'ad-hoc mesh - OLSR-NG', 'kamikaze'); in /home/httpd/html/drupal-guifi/modules/drupal-guifi/guifi.install on line 666.
    user warning: Table 'drupal-guifi.guifi_types' doesn't exist query: INSERT INTO guifi_types (id, type, text, description, relations) VALUES ('3', 'adhoc', 'BATMAN', 'ad-hoc mesh - BATMAN', 'kamikaze|freifunk-BATMAN'); in /home/httpd/html/drupal-guifi/modules/drupal-guifi/guifi.install on line 667.
    user warning: Table 'drupal-guifi.guifi_types' doesn't exist query: INSERT INTO guifi_types (id, type, text, description, relations) VALUES ('4', 'adhoc', 'RouterOS', 'ad-hoc mesh - RouterOS', 'RouterOSv3.x'); in /home/httpd/html/drupal-guifi/modules/drupal-guifi/guifi.install on line 668.
    user warning: Table 'drupal-guifi.guifi_types' doesn't exist query: INSERT INTO `guifi_types` (`id`, `type`, `text`, `description`, `relations`) VALUES ('1', 'antenna_gain', '5', '5', NULL); in /home/httpd/html/drupal-guifi/modules/drupal-guifi/guifi.install on line 671.
    user warning: Table 'drupal-guifi.guifi_types' doesn't exist query: INSERT INTO `guifi_types` (`id`, `type`, `text`, `description`, `relations`) VALUES ('2', 'antenna_gain', '6', '6', NULL); in /home/httpd/html/drupal-guifi/modules/drupal-guifi/guifi.install on line 672.
    user warning: Table 'drupal-guifi.guifi_types' doesn't exist query: INSERT INTO `guifi_types` (`id`, `type`, `text`, `description`, `relations`) VALUES ('3', 'antenna_gain', '7', '7', NULL); in /home/httpd/html/drupal-guifi/modules/drupal-guifi/guifi.install on line 673.
    user warning: Table 'drupal-guifi.guifi_types' doesn't exist query: INSERT INTO `guifi_types` (`id`, `type`, `text`, `description`, `relations`) VALUES ('4', 'antenna_gain', '8', '8', NULL); in /home/httpd/html/drupal-guifi/modules/drupal-guifi/guifi.install on line 674.
    user warning: Table 'drupal-guifi.guifi_types' doesn't exist query: INSERT INTO `guifi_types` (`id`, `type`, `text`, `description`, `relations`) VALUES ('5', 'antenna_gain', '9', '9', NULL); in /home/httpd/html/drupal-guifi/modules/drupal-guifi/guifi.install on line 675.
    user warning: Table 'drupal-guifi.guifi_types' doesn't exist query: INSERT INTO `guifi_types` (`id`, `type`, `text`, `description`, `relations`) VALUES ('6', 'antenna_gain', '10', '10', NULL); in /home/httpd/html/drupal-guifi/modules/drupal-guifi/guifi.install on line 676.
    user warning: Table 'drupal-guifi.guifi_types' doesn't exist query: INSERT INTO `guifi_types` (`id`, `type`, `text`, `description`, `relations`) VALUES ('7', 'antenna_gain', '11', '11', NULL); in /home/httpd/html/drupal-guifi/modules/drupal-guifi/guifi.install on line 677.
    user warning: Table 'drupal-guifi.guifi_types' doesn't exist query: INSERT INTO `guifi_types` (`id`, `type`, `text`, `description`, `relations`) VALUES ('8', 'antenna_gain', '12', '12', NULL); in /home/httpd/html/drupal-guifi/modules/drupal-guifi/guifi.install on line 678.
    user warning: Table 'drupal-guifi.guifi_types' doesn't exist query: INSERT INTO `guifi_types` (`id`, `type`, `text`, `description`, `relations`) VALUES ('9', 'antenna_gain', '13', '13', NULL); in /home/httpd/html/drupal-guifi/modules/drupal-guifi/guifi.install on line 679.
    user warning: Table 'drupal-guifi.guifi_types' doesn't exist query: INSERT INTO `guifi_types` (`id`, `type`, `text`, `description`, `relations`) VALUES ('10', 'antenna_gain', '14', '14', NULL); in /home/httpd/html/drupal-guifi/modules/drupal-guifi/guifi.install on line 680.
    user warning: Table 'drupal-guifi.guifi_types' doesn't exist query: INSERT INTO `guifi_types` (`id`, `type`, `text`, `description`, `relations`) VALUES ('11', 'antenna_gain', '15', '15', NULL); in /home/httpd/html/drupal-guifi/modules/drupal-guifi/guifi.install on line 681.
    user warning: Table 'drupal-guifi.guifi_types' doesn't exist query: INSERT INTO `guifi_types` (`id`, `type`, `text`, `description`, `relations`) VALUES ('12', 'antenna_gain', '16', '16', NULL); in /home/httpd/html/drupal-guifi/modules/drupal-guifi/guifi.install on line 682.
    user warning: Table 'drupal-guifi.guifi_types' doesn't exist query: INSERT INTO `guifi_types` (`id`, `type`, `text`, `description`, `relations`) VALUES ('13', 'antenna_gain', '17', '17', NULL); in /home/httpd/html/drupal-guifi/modules/drupal-guifi/guifi.install on line 683.
    user warning: Table 'drupal-guifi.guifi_types' doesn't exist query: INSERT INTO `guifi_types` (`id`, `type`, `text`, `description`, `relations`) VALUES ('14', 'antenna_gain', '18', '18', NULL); in /home/httpd/html/drupal-guifi/modules/drupal-guifi/guifi.install on line 684.
    user warning: Table 'drupal-guifi.guifi_types' doesn't exist query: INSERT INTO `guifi_types` (`id`, `type`, `text`, `description`, `relations`) VALUES ('15', 'antenna_gain', '19', '19', NULL); in /home/httpd/html/drupal-guifi/modules/drupal-guifi/guifi.install on line 685.
    user warning: Table 'drupal-guifi.guifi_types' doesn't exist query: INSERT INTO `guifi_types` (`id`, `type`, `text`, `description`, `relations`) VALUES ('16', 'antenna_gain', '20', '20', NULL); in /home/httpd/html/drupal-guifi/modules/drupal-guifi/guifi.install on line 686.
    user warning: Table 'drupal-guifi.guifi_types' doesn't exist query: INSERT INTO `guifi_types` (`id`, `type`, `text`, `description`, `relations`) VALUES ('17', 'antenna_gain', '21', '21', NULL); in /home/httpd/html/drupal-guifi/modules/drupal-guifi/guifi.install on line 687.
    user warning: Table 'drupal-guifi.guifi_types' doesn't exist query: INSERT INTO `guifi_types` (`id`, `type`, `text`, `description`, `relations`) VALUES ('18', 'antenna_gain', '22', '22', NULL); in /home/httpd/html/drupal-guifi/modules/drupal-guifi/guifi.install on line 688.
    user warning: Table 'drupal-guifi.guifi_types' doesn't exist query: INSERT INTO `guifi_types` (`id`, `type`, `text`, `description`, `relations`) VALUES ('19', 'antenna_gain', '23', '23', NULL); in /home/httpd/html/drupal-guifi/modules/drupal-guifi/guifi.install on line 689.
    user warning: Table 'drupal-guifi.guifi_types' doesn't exist query: INSERT INTO `guifi_types` (`id`, `type`, `text`, `description`, `relations`) VALUES ('20', 'antenna_gain', '24', '24', NULL); in /home/httpd/html/drupal-guifi/modules/drupal-guifi/guifi.install on line 690.
    user warning: Table 'drupal-guifi.guifi_types' doesn't exist query: INSERT INTO `guifi_types` (`id`, `type`, `text`, `description`, `relations`) VALUES ('21', 'antenna_gain', '25', '25', NULL); in /home/httpd/html/drupal-guifi/modules/drupal-guifi/guifi.install on line 691.
    user warning: Table 'drupal-guifi.guifi_types' doesn't exist query: INSERT INTO `guifi_types` (`id`, `type`, `text`, `description`, `relations`) VALUES ('22', 'antenna_gain', '26', '26', NULL); in /home/httpd/html/drupal-guifi/modules/drupal-guifi/guifi.install on line 692.
    user warning: Table 'drupal-guifi.guifi_types' doesn't exist query: INSERT INTO `guifi_types` (`id`, `type`, `text`, `description`, `relations`) VALUES ('23', 'antenna_gain', '27', '27', NULL); in /home/httpd/html/drupal-guifi/modules/drupal-guifi/guifi.install on line 693.
    user warning: Table 'drupal-guifi.guifi_types' doesn't exist query: INSERT INTO `guifi_types` (`id`, `type`, `text`, `description`, `relations`) VALUES ('24', 'antenna_gain', '28', '28', NULL); in /home/httpd/html/drupal-guifi/modules/drupal-guifi/guifi.install on line 694.
    user warning: Table 'drupal-guifi.guifi_types' doesn't exist query: INSERT INTO `guifi_types` (`id`, `type`, `text`, `description`, `relations`) VALUES ('25', 'antenna_gain', '29', '29', NULL); in /home/httpd/html/drupal-guifi/modules/drupal-guifi/guifi.install on line 695.
    user warning: Table 'drupal-guifi.guifi_types' doesn't exist query: INSERT INTO `guifi_types` (`id`, `type`, `text`, `description`, `relations`) VALUES ('26', 'antenna_gain', '30', '30', NULL); in /home/httpd/html/drupal-guifi/modules/drupal-guifi/guifi.install on line 696.
    user warning: Table 'drupal-guifi.guifi_types' doesn't exist query: INSERT INTO `guifi_types` (`id`, `type`, `text`, `description`, `relations`) VALUES ('27', 'antenna_gain', '31', '31', NULL); in /home/httpd/html/drupal-guifi/modules/drupal-guifi/guifi.install on line 697.
    user warning: Table 'drupal-guifi.guifi_types' doesn't exist query: INSERT INTO `guifi_types` (`id`, `type`, `text`, `description`, `relations`) VALUES ('28', 'antenna_gain', '32', '32', NULL); in /home/httpd/html/drupal-guifi/modules/drupal-guifi/guifi.install on line 698.
    user warning: Table 'drupal-guifi.guifi_types' doesn't exist query: INSERT INTO `guifi_types` (`id`, `type`, `text`, `description`, `relations`) VALUES ('29', 'antenna_gain', '33', '33', NULL); in /home/httpd/html/drupal-guifi/modules/drupal-guifi/guifi.install on line 699.
    user warning: Table 'drupal-guifi.guifi_types' doesn't exist query: INSERT INTO `guifi_types` (`id`, `type`, `text`, `description`, `relations`) VALUES ('30', 'antenna_gain', '34', '34', NULL); in /home/httpd/html/drupal-guifi/modules/drupal-guifi/guifi.install on line 700.
    user warning: Table 'drupal-guifi.guifi_types' doesn't exist query: INSERT INTO `guifi_types` (`id`, `type`, `text`, `description`, `relations`) VALUES ('31', 'antenna_gain', '35', '35', NULL); in /home/httpd/html/drupal-guifi/modules/drupal-guifi/guifi.install on line 701.
    user warning: Table 'drupal-guifi.guifi_types' doesn't exist query: INSERT INTO `guifi_types` (`id`, `type`, `text`, `description`, `relations`) VALUES ('32', 'antenna_gain', '36', '36', ''); in /home/httpd/html/drupal-guifi/modules/drupal-guifi/guifi.install on line 702.
    user warning: Table 'drupal-guifi.guifi_types' doesn't exist query: INSERT INTO `guifi_types` (`id`, `type`, `text`, `description`, `relations`) VALUES ('33', 'antenna_gain', 'more...', 'more...', NULL); in /home/httpd/html/drupal-guifi/modules/drupal-guifi/guifi.install on line 703.
    user warning: Column count doesn't match value count at row 1 query: INSERT INTO guifi_manufacturer VALUES (1, 'Other', NULL); in /home/httpd/html/drupal-guifi/modules/drupal-guifi/guifi.install on line 709.
    user warning: Column count doesn't match value count at row 1 query: INSERT INTO guifi_manufacturer VALUES (2, 'Linksys', 'http://www.linksys.com'); in /home/httpd/html/drupal-guifi/modules/drupal-guifi/guifi.install on line 710.
    user warning: Column count doesn't match value count at row 1 query: INSERT INTO guifi_manufacturer VALUES (8, 'Mikrotik', 'http://mikrotik.com'); in /home/httpd/html/drupal-guifi/modules/drupal-guifi/guifi.install on line 711.
    user warning: Column count doesn't match value count at row 1 query: INSERT INTO guifi_manufacturer VALUES (9, 'Buffalo', 'http://www.buffalotech.com'); in /home/httpd/html/drupal-guifi/modules/drupal-guifi/guifi.install on line 712.
    user warning: Column count doesn't match value count at row 1 query: INSERT INTO guifi_manufacturer VALUES (10, 'Ubiquiti', 'http://www.ubnt.com'); in /home/httpd/html/drupal-guifi/modules/drupal-guifi/guifi.install on line 713.
    user warning: Column count doesn't match value count at row 1 query: INSERT INTO guifi_manufacturer VALUES (11, 'Meraki', 'http://meraki.com'); in /home/httpd/html/drupal-guifi/modules/drupal-guifi/guifi.install on line 714.
    user warning: Column count doesn't match value count at row 1 query: INSERT INTO guifi_manufacturer VALUES (12, 'Gateworks', 'http://www.gateworks.com'); in /home/httpd/html/drupal-guifi/modules/drupal-guifi/guifi.install on line 715.
    user warning: Column count doesn't match value count at row 1 query: INSERT INTO guifi_manufacturer VALUES (13, 'Asus', 'http://asus.com'); in /home/httpd/html/drupal-guifi/modules/drupal-guifi/guifi.install on line 716.
    user warning: Column count doesn't match value count at row 1 query: INSERT INTO guifi_manufacturer VALUES (14, 'Pccengines', 'http://www.pcengines.ch'); in /home/httpd/html/drupal-guifi/modules/drupal-guifi/guifi.install on line 717.
    user warning: Column count doesn't match value count at row 1 query: INSERT INTO guifi_manufacturer VALUES (15, 'Setup Informatica', 'http://www.setup.cat'); in /home/httpd/html/drupal-guifi/modules/drupal-guifi/guifi.install on line 718.
    user warning: Unknown column 'potencia_max' in 'field list' query: INSERT INTO `guifi_model` (`mid`, `fid`, `model`, `type`, `radiodev_max`, `etherdev_max`, `potencia_max`, `AP`, `virtualAP`, `client`, `interfaces`, `url`, `comments`, `supported`, `notification`, `user_created`, `user_changed`, `timestamp_created`, `timestamp_changed`) VALUES (3, 1, 'Other', NULL, 1, 1, NULL, 'Yes', 'No', 'Yes', 'wLan/Lan', 'none', 'To be used for unknown or not listed devices', 'Yes', '', 0, 0, 0, 0), (1, 2, 'WRT54Gv1-4', 'Extern', 1, 1, 251, 'Si', 'No', 'Hack', 'wLan/Lan|vlan|vlan2|vlan3|vlan4|Wan', 'http://www.linksys.com/products/product.', 'El canvi de potència, mode client i WDS, via hack. Hacks disponibles: sveasoft (Satori, Alchemy...), OpenWRT...', 'Yes', '', 0, 0, 0, 0), (15, 9, 'WHR-HP-G54, WHR-G54S', 'Extern', 1, 1, 251, 'No', '', 'Hack', 'wLan/Lan|vlan|vlan2|vlan3|vlan4|Wan', 'http://www.buffalo-technology.com/products/product-detail.php?productid=124&categoryid=28', 'El canvi de potència, mode client i WDS, via hack.', 'Yes', '', 0, 0, 0, 0), (16, 2, 'WRT54GL', 'Extern', 1, 1, 251, 'No', '', 'Hack', 'wLan/Lan|vlan|vlan2|vlan3|vlan4|Wan', 'http://www.linksys.com/products/product.', 'El canvi de potència, mode client i WDS, via hack. Hacks disponibles: sveasoft (Satori, Alchemy...), OpenWRT, DD-WRT, ...', 'Yes', '', 0, 0, 0, 0), (17, 2, 'WRT54GSv1-2', 'Extern', 1, 1, 251, 'No', '', 'Hack', 'wLan/Lan|vlan2|vlan3|vlan4|Wan', 'http://www.linksys.com/products/product.', 'El canvi de potència, mode client i WDS, via hack. Hacks disponibles: sveasoft (Satori, Alchemy...), OpenWRT, DD-WRT, ...', 'Yes', '', 0, 0, 0, 0), (18, 2, 'WRT54GSv4', 'Extern', 1, 1, 251, 'No', '', 'Hack', 'wLan/Lan|vlan|vlan2|vlan3|vlan4|Wan', 'http://www.linksys.com/products/product.', 'El canvi de potència mode client i WDS, via hack. Hacks disponibles: sveasoft (Satori, Alchemy...), OpenWRT, DD-WRT, ...', 'Yes', '', 0, 0, 0, 0), (19, 8, 'Routerboard 532', NULL, 6, 1, 400, 'Si', 'Yes', 'Si', 'wLan/Lan|ether2|ether3|ether4|ether5|ether6|ether7|ether8|ether9', 'http://www.routerboard.com', NULL, 'Yes', '', 0, 0, 0, 0), (20, 8, 'Routerboard 133C', NULL, 1, 1, 400, 'Si', 'Yes', 'Si', 'wLan/Lan', 'http://www.routerboard.com', NULL, 'Yes', '', 0, 0, 0, 0), (21, 8, 'Routerboard 133', NULL, 3, 1, 400, 'Si', 'Yes', 'Si', 'wLan/Lan|ether2|ether3', 'http://www.routerboard.com', NULL, 'Yes', '', 0, 0, 0, 0), (22, 8, 'Routerboard 112', NULL, 2, 1, 400, 'Si', 'Yes', 'Si', 'wLan/Lan', 'http://www.routerboard.com', NULL, 'Yes', '', 0, 0, 0, 0), (23, 8, 'Routerboard 153', NULL, 3, 1, 400, 'Si', 'Yes', 'Si', 'wLan/Lan|ether2|ether3|ether4|ether5', 'http://www.routerboard.com', NULL, 'Yes', '', 0, 0, 0, 0), (24, 8, 'Supertrasto guifiBUS guifi.net', NULL, 24, 1, 400, 'Si', 'Yes', 'Si', 'wLan/Lan|ether2|ether3|ether4|ether5', 'http://www.routerboard.com', NULL, 'Yes', '', 0, 0, 0, 0), (25, 10, 'NanoStation2', 'Extern', 1, 1, 400, 'No', 'No', 'Si', 'Wan', 'http://ubnt.com/products/ns2.php', 'Permet Firmwares de tercers', 'Yes', '', 0, 0, 0, 0), (26, 10, 'NanoStation5', 'Extern', 1, 1, 400, 'No', 'No', 'Si', 'Wan', 'http://ubnt.com/products/ns5.php', 'Permet Firmwares de tercers', 'Yes', '', 0, 0, 0, 0), (27, 8, 'Routerboard 600', 'Extern', 8, 1, 400, 'Si', 'Si', 'Si', 'wLan/Lan|ether2|ether3', 'http://www.routerboard.com', NULL, 'Yes', '', 0, 0, 0, 0), (28, 8, 'Routerboard 333', NULL, 6, 1, 400, 'Si', 'Yes', 'Si', 'wLan/Lan|ether2|ether3', 'http://www.routerboard.com', NULL, 'Yes', '', 0, 0, 0, 0), (29, 8, 'Routerboard 411', NULL, 6, 1, 400, 'Si', 'Yes', 'Si', 'wLan/Lan', 'http://www.routerboard.com', NULL, 'Yes', '', 0, 0, 0, 0), (30, 11, 'Meraki/Fonera', 'Extern', 1, 1, 60, 'Si', 'Yes', 'Si', 'wLan/Lan', 'http://meraki.com', NULL, 'Yes', '', 0, 0, 0, 0), (31, 8, 'Routerboard 433', NULL, 6, 1, 400, 'Si', 'Yes', 'Si', 'wLan/Lan|ether2|ether3', 'http://www.routerboard.com', NULL, 'Yes', '', 0, 0, 0, 0), (32, 10, 'LiteStation2', 'Extern', 1, 1, 400, 'No', 'No', 'Si', 'Wan', 'http://ubnt.com/products/ls2.php', 'Permet Firmwares de tercers', 'Yes', '', 0, 0, 0, 0), (33, 10, 'LiteStation5', 'Extern', 1, 1, 400, 'No', 'No', 'Si', 'Wan', 'http://ubnt.com/products/ls5.php', 'Permet Firmwares de tercers', 'Yes', '', 0, 0, 0, 0), (34, 10, 'NanoStation Loco2', 'Extern', 1, 1, 400, 'No', 'No', 'Si', 'Wan', 'http://www.ubnt.com/products/loco.php', 'Permet Firmwares de tercers', 'Yes', '', 0, 0, 0, 0), (35, 10, 'NanoStation Loco5', 'Extern', 1, 1, 400, 'No', 'No', 'Si', 'Wan', 'http://www.ubnt.com/products/loco.php', 'Permet Firmwares de tercers', 'Yes', '', 0, 0, 0, 0), (36, 10, 'Bullet2', 'Extern', 1, 1, 400, 'No', 'No', 'Si', 'Wan', 'http://www.ubnt.com/products/loco.php', 'Permet Firmwares de tercers', 'Yes', '', 0, 0, 0, 0), (37, 10, 'Bullet5', 'Extern', 1, 1, 400, 'No', 'No', 'Si', 'Wan', 'http://www.ubnt.com/products/loco.php', 'Permet Firmwares de tercers', 'Yes', '', 0, 0, 0, 0), (38, 10, 'RouterStation', 'Extern', 4, 1, 400, 'No', 'No', 'Si', 'Wan', 'http://ubnt.com/products/ls5.php', 'Permet Firmwares de tercers', 'Yes', '', 0, 0, 0, 0), (39, 12, 'Avila GW2348-4', 'Extern', 4, 1, 400, 'No', 'No', 'Si', 'Wan', 'http://www.gateworks.com/products/avila/gw2348-4.php', 'Permet Firmwares de tercers', 'Yes', '', 0, 0, 0, 0), (40, 13, 'Asus WL-500xx', 'Extern', 1, 1, 400, 'No', 'No', 'Si', 'Wan', 'http://asus.com/products.aspx?l1=29&l2=172&l3=743&l4=60&model=1277&modelmenu=1', 'Permet Firmwares de tercers', 'Yes', '', 0, 0, 0, 0), (41, 14, 'Alix1', 'Extern', 5, 1, 400, 'No', 'No', 'Si', 'wLan/Lan|eth0|eth1|eth2', 'http://www.pcengines.ch/alix1d.htm', 'Permet Firmwares de tercers', 'Yes', '', 0, 0, 0, 0), (42, 14, 'Alix2', 'Extern', 2, 1, 400, 'No', 'No', 'Si', 'wLan/Lan|eth0|eth1|eth2', 'http://www.pcengines.ch/alix2d.htm', 'Permet Firmwares de tercers', 'Yes', '', 0, 0, 0, 0), (43, 14, 'Alix3', 'Extern', 2, 1, 400, 'No', 'No', 'Si', 'wLan/Lan|eth0|eth1|eth2', 'http://www.pcengines.ch/alix3d.htm', 'Permet Firmwares de tercers', 'Yes', '', 0, 0, 0, 0), (44, 8, 'Routerboard 800', NULL, 8, 1, 400, 'Si', 'Yes', 'Si', 'wLan/Lan|ether2|ether3|ether4|ether5|ether6|ether7|ether8|ether9', 'http://www.routerboard.com', NULL, 'Yes', '', 0, 0, 0, 0), (45, 10, 'AirMaxM2 Rocket/Nano/Loco', 'Extern', 1, 1, 100, 'Yes', 'No', 'Si', 'eth0|ath0', 'http://ubnt.com/airmax', 'Permet Firmwares de tercers', 'Yes', '', 0, 0, 0, 0), (46, 10, 'AirMaxM5 Rocket/Nano/Loco', 'Extern', 1, 1, 100, 'Yes', 'No', 'Si', 'eth0|ath0', 'http://ubnt.com/airmax', 'Permet Firmwares de tercers', 'Yes', '', 0, 0, 0, 0), (47, 10, 'AirMaxM2 Bullet/PwBrg/AirGrd/NanoBr', 'Extern', 1, 1, 100, 'Yes', 'No', 'Si', 'eth0|ath0', 'http://ubnt.com/airmax', 'Permet Firmwares de tercers', 'Yes', '', 0, 0, 0, 0), (48, 10, 'AirMaxM5 Bullet/PwBrg/AirGrd/NanoBr', 'Extern', 1, 1, 100, 'Yes', 'No', 'Si', 'eth0|ath0', 'http://ubnt.com/airmax', 'Permet Firmwares de tercers', 'Yes', '', 0, 0, 0, 0), (49, 15, 'GuifiStation2', 'Extern', 1, 1, 100, 'Yes', 'No', 'Si', 'eth0|ath0', 'http://tienda.setupinformatica.com/wac/detalle.php?codigo=CPEGS2', 'Permet Firmwares de tercers', 'Yes', '', 0, 0, 0, 0), (50, 15, 'GuifiStation5', 'Extern', 1, 1, 100, 'Yes', 'No', 'Si', 'eth0|ath0', 'http://tienda.setupinformatica.com/wac/detalle.php?codigo=CPEGS5', 'Permet Firmwares de tercers', 'Yes', '', 0, 0, 0, 0), (51, 10, 'RouterStationPro', 'Extern', 4, 1, 400, 'No', 'No', 'Si', 'Wan', 'http://ubnt.com/rspro', 'Permet Firmwares de tercers', 'Yes', '', 0, 0, 0, 0), (52, 8, 'Routerboard 750/750G', 'Extern', 0, 5, 400, 'Yes', 'Yes', 'Yes', 'Lan/Lan|ether1|ether2|ether3|ether4|ether5', 'http://www.routerboard.com/pricelist.php?showProduct=90', 'Permet Firmwares de tercers', 'Yes', '', 0, 0, 0, 0), (53, 8, 'SXT 5HnD', NULL, 1, 1, NULL, 'Yes', 'Yes', 'Yes', 'wlan1|ether1', 'http://www.routerboard.com/index.php?showProduct=108', NULL, 'Yes', '', 0, 0, 0, 0), (54, 8, 'RouterBoard 1100', NULL, 0, 13, NULL, 'Yes', 'No', 'Yes', 'Lan/Lan|ether1|ether2|ether3|ether4|ether5|ether6|ether7|ether8|ether9|ether10|ether11|ether12|ether13', 'http://www.routerboard.com/index.php?showProduct=98', NULL, 'Yes', '', 0, 0, 0, 0); in /home/httpd/html/drupal-guifi/modules/drupal-guifi/guifi.install on line 765.
    user warning: Table 'drupal-guifi.guifi_types' doesn't exist query: INSERT INTO guifi_types (id, type, text, description) VALUES ('1', 'user_status', 'New', 'New'); in /home/httpd/html/drupal-guifi/modules/drupal-guifi/guifi.install on line 770.
    user warning: Table 'drupal-guifi.guifi_types' doesn't exist query: INSERT INTO guifi_types (id, type, text, description) VALUES ('2', 'user_status', 'Pending', 'Pending'); in /home/httpd/html/drupal-guifi/modules/drupal-guifi/guifi.install on line 771.
    user warning: Table 'drupal-guifi.guifi_types' doesn't exist query: INSERT INTO guifi_types (id, type, text, description) VALUES ('3', 'user_status', 'Approved', 'Approved'); in /home/httpd/html/drupal-guifi/modules/drupal-guifi/guifi.install on line 772.
    user warning: Table 'drupal-guifi.guifi_types' doesn't exist query: INSERT INTO guifi_types (id, type, text, description) VALUES ('4', 'user_status', 'Rejected', 'Rejected'); in /home/httpd/html/drupal-guifi/modules/drupal-guifi/guifi.install on line 773.
    user warning: Table 'drupal-guifi.guifi_types' doesn't exist query: INSERT INTO guifi_types (id, type, text, description) VALUES ('1', 'filter', 'porn', 'Porn & explicit sex content'); in /home/httpd/html/drupal-guifi/modules/drupal-guifi/guifi.install on line 778.
    user warning: Table 'drupal-guifi.guifi_types' doesn't exist query: INSERT INTO guifi_types (id, type, text, description) VALUES ('2', 'filter', 'violence', 'Violence & Aggressive content'); in /home/httpd/html/drupal-guifi/modules/drupal-guifi/guifi.install on line 779.
    user warning: Table 'drupal-guifi.guifi_types' doesn't exist query: INSERT INTO guifi_types (id, type, text, description) VALUES ('3', 'filter', 'downloads', 'Downloads, file-sharing...'); in /home/httpd/html/drupal-guifi/modules/drupal-guifi/guifi.install on line 780.
    user warning: Table 'drupal-guifi.guifi_types' doesn't exist query: INSERT INTO guifi_types (id, type, text, description) VALUES ('4', 'filter', 'drugs', 'Drugs'); in /home/httpd/html/drupal-guifi/modules/drupal-guifi/guifi.install on line 781.
    user warning: Table 'drupal-guifi.guifi_types' doesn't exist query: INSERT INTO guifi_types (id, type, text, description) VALUES ('5', 'filter', 'video', 'Audio & Video sites'); in /home/httpd/html/drupal-guifi/modules/drupal-guifi/guifi.install on line 782.
    user warning: Table 'drupal-guifi.guifi_types' doesn't exist query: INSERT INTO guifi_types (id, type, text, description) VALUES ('6', 'filter', 'gambling', 'Gambling'); in /home/httpd/html/drupal-guifi/modules/drupal-guifi/guifi.install on line 783.
    user warning: Table 'drupal-guifi.guifi_types' doesn't exist query: INSERT INTO guifi_types (id, type, text, description) VALUES ('7', 'filter', 'hacking', 'Illegal hacking & cracking'); in /home/httpd/html/drupal-guifi/modules/drupal-guifi/guifi.install on line 784.
    user warning: Table 'drupal-guifi.guifi_types' doesn't exist query: INSERT INTO guifi_types (id, type, text, description) VALUES ('8', 'filter', 'mail', 'Email & webmail sites'); in /home/httpd/html/drupal-guifi/modules/drupal-guifi/guifi.install on line 785.
    user warning: Table 'drupal-guifi.guifi_types' doesn't exist query: INSERT INTO guifi_types (id, type, text, description) VALUES ('9', 'filter', 'ads', 'Advertising'); in /home/httpd/html/drupal-guifi/modules/drupal-guifi/guifi.install on line 786.
    user warning: Table 'drupal-guifi.guifi_types' doesn't exist query: INSERT INTO guifi_types (id, type, text, description) VALUES ('10', 'filter', 'proxy', 'External proxys'); in /home/httpd/html/drupal-guifi/modules/drupal-guifi/guifi.install on line 787.
    user warning: Table 'drupal-guifi.guifi_types' doesn't exist query: INSERT INTO guifi_types (id, type, text, description) VALUES ('11', 'filter', 'redirect', 'Redirectors'); in /home/httpd/html/drupal-guifi/modules/drupal-guifi/guifi.install on line 788.
    user warning: Table 'drupal-guifi.guifi_types' doesn't exist query: INSERT INTO guifi_types (id, type, text, description) VALUES ('12', 'filter', 'spyware', 'Spyware'); in /home/httpd/html/drupal-guifi/modules/drupal-guifi/guifi.install on line 789.
    user warning: Table 'drupal-guifi.guifi_types' doesn't exist query: INSERT INTO guifi_types (id, type, text, description) VALUES ('13', 'filter', 'cracks', 'Illegal warez exchange, cracks...'); in /home/httpd/html/drupal-guifi/modules/drupal-guifi/guifi.install on line 790.

